TN:
SF:src\App.jsx
FN:8,AppShell
FN:18,App
FNF:2
FNH:2
FNDA:1,AppShell
FNDA:1,App
DA:1,1
DA:2,1
DA:3,1
DA:4,1
DA:5,1
DA:6,1
DA:8,1
DA:9,1
DA:10,1
DA:11,1
DA:12,1
DA:13,1
DA:14,1
DA:16,1
DA:18,1
DA:19,1
DA:20,1
DA:21,1
DA:22,1
DA:23,1
DA:24,1
DA:26,1
LF:22
LH:22
BRDA:8,0,0,1
BRDA:18,1,0,1
BRF:2
BRH:2
end_of_record
TN:
SF:src\main.jsx
FNF:0
FNH:0
DA:1,1
DA:2,1
DA:3,1
DA:4,1
DA:6,1
DA:7,1
DA:8,1
DA:9,1
DA:10,1
LF:9
LH:9
BRF:0
BRH:0
end_of_record
TN:
SF:src\api\adminOrgApi.js
FN:3,getMyOrganizationRequest
FN:6,updateOrgSettingsRequest
FN:9,uploadOrgLogoRequest
FN:17,updateEmailTemplateRequest
FN:20,updateWhatsAppTemplateRequest
FN:23,getBillingRequest
FN:26,getAuditLogsRequest
FN:29,getAuditStatsRequest
FNF:8
FNH:8
FNDA:1,getMyOrganizationRequest
FNDA:1,updateOrgSettingsRequest
FNDA:1,uploadOrgLogoRequest
FNDA:1,updateEmailTemplateRequest
FNDA:1,updateWhatsAppTemplateRequest
FNDA:1,getBillingRequest
FNDA:1,getAuditLogsRequest
FNDA:1,getAuditStatsRequest
DA:1,1
DA:2,1
DA:3,1
DA:4,1
DA:5,1
DA:6,1
DA:7,1
DA:8,1
DA:9,1
DA:10,1
DA:11,1
DA:12,1
DA:13,1
DA:14,1
DA:15,1
DA:16,1
DA:17,1
DA:18,1
DA:19,1
DA:20,1
DA:21,1
DA:22,1
DA:23,1
DA:24,1
DA:25,1
DA:26,1
DA:27,1
DA:28,1
DA:29,1
DA:30,1
LF:30
LH:30
BRDA:3,0,0,1
BRDA:6,1,0,1
BRDA:9,2,0,1
BRDA:17,3,0,1
BRDA:20,4,0,1
BRDA:23,5,0,1
BRDA:26,6,0,1
BRDA:29,7,0,1
BRF:8
BRH:8
end_of_record
TN:
SF:src\api\authApi.js
FN:4,loginRequest
FN:7,getProfileRequest
FN:9,refreshTokenRequest
FN:12,logoutRequest
FN:17,validateSignupRequest
FN:20,completeSignupRequest
FN:23,validateInviteRequest
FN:26,acceptInviteRequest
FN:29,forgotPasswordRequest
FN:32,requestPasswordResetEmailRequest
FN:35,validateResetTokenRequest
FN:38,resetPasswordRequest
FNF:12
FNH:12
FNDA:1,loginRequest
FNDA:1,getProfileRequest
FNDA:1,refreshTokenRequest
FNDA:1,logoutRequest
FNDA:2,validateSignupRequest
FNDA:2,completeSignupRequest
FNDA:1,validateInviteRequest
FNDA:1,acceptInviteRequest
FNDA:1,forgotPasswordRequest
FNDA:1,requestPasswordResetEmailRequest
FNDA:1,validateResetTokenRequest
FNDA:1,resetPasswordRequest
DA:1,1
DA:2,1
DA:3,1
DA:4,1
DA:5,1
DA:6,1
DA:7,1
DA:8,1
DA:9,1
DA:10,1
DA:11,1
DA:12,1
DA:13,1
DA:14,1
DA:15,1
DA:16,1
DA:17,1
DA:18,1
DA:19,1
DA:20,1
DA:21,1
DA:22,1
DA:23,1
DA:24,1
DA:25,1
DA:26,1
DA:27,1
DA:28,1
DA:29,1
DA:30,1
DA:31,1
DA:32,1
DA:33,1
DA:34,1
DA:35,1
DA:36,1
DA:37,1
DA:38,1
DA:39,1
LF:39
LH:39
BRDA:4,0,0,1
BRDA:7,1,0,1
BRDA:9,2,0,1
BRDA:12,3,0,1
BRDA:17,4,0,2
BRDA:20,5,0,2
BRDA:23,6,0,1
BRDA:26,7,0,1
BRDA:29,8,0,1
BRDA:32,9,0,1
BRDA:35,10,0,1
BRDA:38,11,0,1
BRF:12
BRH:12
end_of_record
TN:
SF:src\api\candidateApi.js
FN:3,validateCandidateTokenRequest
FN:6,submitCandidateActionRequest
FN:9,getScheduleSlotsRequest
FN:12,bookScheduleSlotRequest
FNF:4
FNH:4
FNDA:1,validateCandidateTokenRequest
FNDA:1,submitCandidateActionRequest
FNDA:1,getScheduleSlotsRequest
FNDA:1,bookScheduleSlotRequest
DA:1,1
DA:2,1
DA:3,1
DA:4,1
DA:5,1
DA:6,1
DA:7,1
DA:8,1
DA:9,1
DA:10,1
DA:11,1
DA:12,1
DA:13,1
LF:13
LH:13
BRDA:3,0,0,1
BRDA:6,1,0,1
BRDA:9,2,0,1
BRDA:12,3,0,1
BRF:4
BRH:4
end_of_record
TN:
SF:src\api\client.js
FN:19,shouldSkipRefresh
FN:24,isSessionDeadStatus
FN:43,refreshAccessToken
FN:72,forceLogoutToLogin
FN:89,apiClient.interceptors.response.use.original
FNF:5
FNH:5
FNDA:19,shouldSkipRefresh
FNDA:10,isSessionDeadStatus
FNDA:5,refreshAccessToken
FNDA:9,forceLogoutToLogin
FNDA:1,apiClient.interceptors.response.use.original
DA:1,1
DA:2,1
DA:3,1
DA:4,1
DA:5,1
DA:6,1
DA:7,1
DA:8,1
DA:9,1
DA:10,1
DA:11,1
DA:12,1
DA:13,1
DA:14,1
DA:15,1
DA:16,1
DA:17,1
DA:18,1
DA:19,1
DA:20,19
DA:21,19
DA:22,19
DA:23,1
DA:24,1
DA:25,10
DA:26,10
DA:27,8
DA:28,8
DA:29,8
DA:30,10
DA:31,10
DA:32,10
DA:33,10
DA:34,10
DA:35,10
DA:36,1
DA:37,1
DA:38,1
DA:39,1
DA:40,1
DA:41,1
DA:42,1
DA:43,1
DA:44,5
DA:45,5
DA:46,1
DA:47,1
DA:48,4
DA:49,4
DA:50,4
DA:51,4
DA:52,4
DA:53,4
DA:54,4
DA:55,4
DA:56,5
DA:57,5
DA:58,1
DA:59,1
DA:60,3
DA:61,3
DA:62,3
DA:63,3
DA:64,3
DA:65,3
DA:66,3
DA:67,3
DA:68,3
DA:69,3
DA:70,3
DA:71,1
DA:72,1
DA:73,9
DA:74,9
DA:75,8
DA:76,8
DA:77,9
DA:78,1
DA:79,1
DA:80,4
DA:81,4
DA:82,2
DA:83,2
DA:84,2
DA:85,4
DA:86,1
DA:87,1
DA:88,1
DA:89,1
DA:90,1
DA:91,17
DA:92,17
DA:93,17
DA:94,17
DA:95,17
DA:96,2
DA:97,2
DA:98,15
DA:99,15
DA:100,17
DA:101,5
DA:102,5
DA:103,5
DA:104,10
DA:105,17
DA:106,2
DA:107,2
DA:108,8
DA:109,17
DA:110,2
DA:111,2
DA:112,2
DA:113,6
DA:114,6
DA:115,6
DA:116,6
DA:117,17
DA:118,5
DA:119,5
DA:120,5
DA:121,5
DA:122,6
DA:123,17
DA:124,17
DA:125,17
DA:126,17
DA:127,2
DA:128,2
DA:129,2
DA:130,17
DA:131,1
DA:132,1
DA:133,1
LF:133
LH:133
BRDA:19,0,0,19
BRDA:20,1,0,18
BRDA:20,2,0,2
BRDA:21,3,0,91
BRDA:24,4,0,10
BRDA:25,5,0,1
BRDA:26,6,0,9
BRDA:26,7,0,1
BRDA:27,8,0,8
BRDA:30,9,0,7
BRDA:31,10,0,6
BRDA:32,11,0,5
BRDA:33,12,0,4
BRDA:43,13,0,5
BRDA:45,14,0,1
BRDA:47,15,0,4
BRDA:57,16,0,4
BRDA:57,17,0,1
BRDA:59,18,0,3
BRDA:72,19,0,9
BRDA:74,20,0,8
BRDA:79,21,0,4
BRDA:81,22,0,2
BRDA:82,23,0,1
BRDA:89,24,0,1
BRDA:90,25,0,17
BRDA:93,26,0,9
BRDA:93,27,0,9
BRDA:95,28,0,16
BRDA:95,29,0,2
BRDA:97,30,0,15
BRDA:100,31,0,6
BRDA:100,32,0,5
BRDA:103,33,0,10
BRDA:105,34,0,2
BRDA:107,35,0,8
BRDA:109,36,0,2
BRDA:112,37,0,6
BRDA:117,38,0,5
BRDA:121,39,0,6
BRDA:123,40,0,4
BRDA:123,41,0,1
BRDA:126,42,0,2
BRDA:118,43,0,5
BRF:44
BRH:44
end_of_record
TN:
SF:src\api\countryApi.js
FN:3,listCountriesRequest
FNF:1
FNH:1
FNDA:1,listCountriesRequest
DA:1,1
DA:3,1
DA:4,1
LF:3
LH:3
BRDA:3,0,0,1
BRF:1
BRH:1
end_of_record
TN:
SF:src\api\jobApi.js
FN:3,listJobsRequest
FN:5,getJobRequest
FN:7,createJobRequest
FN:9,updateJobRequest
FN:11,listCandidatesRequest
FN:14,selectCandidatesRequest
FN:17,deleteCandidateRequest
FN:28,uploadResumeRequest
FN:37,getResumeStatusRequest
FNF:9
FNH:9
FNDA:1,listJobsRequest
FNDA:1,getJobRequest
FNDA:1,createJobRequest
FNDA:1,updateJobRequest
FNDA:1,listCandidatesRequest
FNDA:1,selectCandidatesRequest
FNDA:1,deleteCandidateRequest
FNDA:1,uploadResumeRequest
FNDA:2,getResumeStatusRequest
DA:1,1
DA:2,1
DA:3,1
DA:4,1
DA:5,1
DA:6,1
DA:7,1
DA:8,1
DA:9,1
DA:10,1
DA:11,1
DA:12,1
DA:13,1
DA:14,1
DA:15,1
DA:16,1
DA:17,1
DA:18,1
DA:19,1
DA:20,1
DA:21,1
DA:22,1
DA:23,1
DA:24,1
DA:25,1
DA:26,1
DA:27,1
DA:28,1
DA:29,1
DA:30,1
DA:31,1
DA:32,1
DA:33,1
DA:34,1
DA:35,1
DA:36,1
DA:37,1
DA:38,2
DA:39,2
DA:40,1
LF:40
LH:40
BRDA:3,0,0,1
BRDA:5,1,0,1
BRDA:7,2,0,1
BRDA:9,3,0,1
BRDA:11,4,0,1
BRDA:14,5,0,1
BRDA:17,6,0,1
BRDA:28,7,0,1
BRDA:37,8,0,2
BRF:9
BRH:9
end_of_record
TN:
SF:src\api\organizationApi.js
FN:3,createRegistrationRequest
FN:6,listRegistrationsRequest
FN:9,resendRegistrationRequest
FN:12,createOrganizationRequest
FN:15,listOrganizationsRequest
FN:18,getOrganizationRequest
FN:21,updateOrganizationRequest
FN:24,deleteOrganizationRequest
FN:27,sendAdminPasswordResetRequest
FNF:9
FNH:9
FNDA:1,createRegistrationRequest
FNDA:1,listRegistrationsRequest
FNDA:1,resendRegistrationRequest
FNDA:1,createOrganizationRequest
FNDA:1,listOrganizationsRequest
FNDA:1,getOrganizationRequest
FNDA:1,updateOrganizationRequest
FNDA:1,deleteOrganizationRequest
FNDA:1,sendAdminPasswordResetRequest
DA:1,1
DA:2,1
DA:3,1
DA:4,1
DA:5,1
DA:6,1
DA:7,1
DA:8,1
DA:9,1
DA:10,1
DA:11,1
DA:12,1
DA:13,1
DA:14,1
DA:15,1
DA:16,1
DA:17,1
DA:18,1
DA:19,1
DA:20,1
DA:21,1
DA:22,1
DA:23,1
DA:24,1
DA:25,1
DA:26,1
DA:27,1
DA:28,1
LF:28
LH:28
BRDA:3,0,0,1
BRDA:6,1,0,1
BRDA:9,2,0,1
BRDA:12,3,0,1
BRDA:15,4,0,1
BRDA:18,5,0,1
BRDA:21,6,0,1
BRDA:24,7,0,1
BRDA:27,8,0,1
BRF:9
BRH:9
end_of_record
TN:
SF:src\api\recruiterApi.js
FN:3,inviteRecruiterRequest
FN:6,listRecruitersRequest
FN:9,getRecruiterRequest
FN:12,disableRecruiterRequest
FN:15,enableRecruiterRequest
FN:18,deleteRecruiterRequest
FN:21,resetRecruiterPasswordRequest
FNF:7
FNH:7
FNDA:1,inviteRecruiterRequest
FNDA:1,listRecruitersRequest
FNDA:1,getRecruiterRequest
FNDA:1,disableRecruiterRequest
FNDA:1,enableRecruiterRequest
FNDA:1,deleteRecruiterRequest
FNDA:1,resetRecruiterPasswordRequest
DA:1,1
DA:2,1
DA:3,1
DA:4,1
DA:5,1
DA:6,1
DA:7,1
DA:8,1
DA:9,1
DA:10,1
DA:11,1
DA:12,1
DA:13,1
DA:14,1
DA:15,1
DA:16,1
DA:17,1
DA:18,1
DA:19,1
DA:20,1
DA:21,1
DA:22,1
LF:22
LH:22
BRDA:3,0,0,1
BRDA:6,1,0,1
BRDA:9,2,0,1
BRDA:12,3,0,1
BRDA:15,4,0,1
BRDA:18,5,0,1
BRDA:21,6,0,1
BRF:7
BRH:7
end_of_record
TN:
SF:src\api\recruitmentApi.js
FN:3,getDashboardStatsRequest
FN:6,getScorecardRequest
FN:9,getCallRecordsRequest
FNF:3
FNH:3
FNDA:1,getDashboardStatsRequest
FNDA:1,getScorecardRequest
FNDA:1,getCallRecordsRequest
DA:1,1
DA:2,1
DA:3,1
DA:4,1
DA:5,1
DA:6,1
DA:7,1
DA:8,1
DA:9,1
DA:10,1
LF:10
LH:10
BRDA:3,0,0,1
BRDA:6,1,0,1
BRDA:9,2,0,1
BRF:3
BRH:3
end_of_record
TN:
SF:src\api\storeAccess.js
FN:7,injectStore
FN:11,getStore
FNF:2
FNH:2
FNDA:1,injectStore
FNDA:2,getStore
DA:1,1
DA:2,1
DA:3,1
DA:4,1
DA:5,1
DA:6,1
DA:7,1
DA:8,1
DA:9,1
DA:10,1
DA:11,1
DA:12,2
DA:13,1
DA:14,1
DA:15,1
DA:16,1
LF:16
LH:16
BRDA:7,0,0,1
BRDA:11,1,0,2
BRDA:12,2,0,1
BRF:3
BRH:3
end_of_record
TN:
SF:src\api\supportApi.js
FN:4,listAdminCategoriesRequest
FN:7,createCategoryRequest
FN:10,updateCategoryRequest
FN:13,deleteCategoryRequest
FN:17,listAdminFaqsRequest
FN:20,createFaqRequest
FN:23,updateFaqRequest
FN:26,deleteFaqRequest
FN:30,listAdminTicketsRequest
FN:33,getAdminTicketRequest
FN:36,updateTicketStatusRequest
FN:40,listSupportCategoriesRequest
FN:43,listSupportFaqsRequest
FN:46,createTicketRequest
FN:49,listMyTicketsRequest
FN:52,getMyTicketRequest
FNF:16
FNH:16
FNDA:1,listAdminCategoriesRequest
FNDA:1,createCategoryRequest
FNDA:1,updateCategoryRequest
FNDA:1,deleteCategoryRequest
FNDA:1,listAdminFaqsRequest
FNDA:1,createFaqRequest
FNDA:1,updateFaqRequest
FNDA:1,deleteFaqRequest
FNDA:1,listAdminTicketsRequest
FNDA:1,getAdminTicketRequest
FNDA:1,updateTicketStatusRequest
FNDA:1,listSupportCategoriesRequest
FNDA:1,listSupportFaqsRequest
FNDA:1,createTicketRequest
FNDA:1,listMyTicketsRequest
FNDA:1,getMyTicketRequest
DA:1,1
DA:2,1
DA:3,1
DA:4,1
DA:5,1
DA:6,1
DA:7,1
DA:8,1
DA:9,1
DA:10,1
DA:11,1
DA:12,1
DA:13,1
DA:14,1
DA:15,1
DA:16,1
DA:17,1
DA:18,1
DA:19,1
DA:20,1
DA:21,1
DA:22,1
DA:23,1
DA:24,1
DA:25,1
DA:26,1
DA:27,1
DA:28,1
DA:29,1
DA:30,1
DA:31,1
DA:32,1
DA:33,1
DA:34,1
DA:35,1
DA:36,1
DA:37,1
DA:38,1
DA:39,1
DA:40,1
DA:41,1
DA:42,1
DA:43,1
DA:44,1
DA:45,1
DA:46,1
DA:47,1
DA:48,1
DA:49,1
DA:50,1
DA:51,1
DA:52,1
DA:53,1
LF:53
LH:53
BRDA:4,0,0,1
BRDA:7,1,0,1
BRDA:10,2,0,1
BRDA:13,3,0,1
BRDA:17,4,0,1
BRDA:20,5,0,1
BRDA:23,6,0,1
BRDA:26,7,0,1
BRDA:30,8,0,1
BRDA:33,9,0,1
BRDA:36,10,0,1
BRDA:40,11,0,1
BRDA:43,12,0,1
BRDA:46,13,0,1
BRDA:49,14,0,1
BRDA:52,15,0,1
BRF:16
BRH:16
end_of_record
TN:
SF:src\components\admin\audit\AuditLogDetailModal.jsx
FN:15,AuditLogDetailModal
FN:20,onKeyDown
FN:52,onClick
FN:59,onClick
FN:63,onClick
FNF:5
FNH:5
FNDA:15,AuditLogDetailModal
FNDA:1,onKeyDown
FNDA:2,onClick
FNDA:1,onClick
FNDA:1,onClick
DA:1,1
DA:2,1
DA:3,1
DA:4,1
DA:5,1
DA:6,1
DA:7,1
DA:15,1
DA:16,15
DA:18,15
DA:19,15
DA:20,5
DA:21,1
DA:22,1
DA:23,5
DA:24,5
DA:25,5
DA:26,5
DA:27,5
DA:28,5
DA:29,5
DA:30,15
DA:32,15
DA:34,4
DA:35,4
DA:36,4
DA:37,4
DA:38,4
DA:39,4
DA:40,4
DA:41,4
DA:42,1
DA:43,1
DA:44,4
DA:46,4
DA:47,4
DA:48,4
DA:49,4
DA:50,4
DA:51,4
DA:52,4
DA:53,4
DA:54,4
DA:55,4
DA:56,4
DA:57,4
DA:58,4
DA:59,4
DA:61,4
DA:62,4
DA:63,4
DA:64,4
DA:65,4
DA:67,4
DA:68,4
DA:70,4
DA:71,4
DA:73,4
DA:74,4
DA:75,4
DA:77,4
DA:78,4
DA:79,4
DA:80,15
DA:81,15
DA:82,15
DA:83,15
DA:84,15
DA:85,15
DA:86,15
DA:87,2
DA:88,2
DA:89,15
DA:90,15
DA:91,15
DA:92,15
DA:93,15
DA:94,15
DA:95,15
DA:97,15
DA:98,15
DA:99,15
DA:100,15
DA:101,15
DA:102,15
DA:103,15
DA:104,15
DA:105,15
DA:106,15
DA:107,15
DA:108,15
DA:109,15
DA:110,15
DA:111,15
DA:112,15
DA:113,15
DA:114,15
DA:115,15
DA:116,15
DA:117,15
DA:118,15
DA:119,15
DA:120,15
DA:121,15
DA:122,15
DA:123,15
DA:124,15
DA:125,15
DA:126,15
DA:127,15
DA:128,15
DA:129,15
DA:130,15
DA:131,15
DA:132,15
DA:133,15
DA:134,15
DA:135,15
DA:136,15
DA:137,15
DA:138,15
DA:139,15
DA:140,15
DA:141,15
LF:124
LH:124
BRDA:15,0,0,15
BRDA:32,1,0,5
BRDA:32,2,0,4
BRDA:32,3,0,11
BRDA:32,4,0,4
BRDA:80,5,0,2
BRDA:81,6,0,2
BRDA:86,7,0,2
BRDA:87,8,0,1
BRDA:87,9,0,1
BRDA:87,10,0,1
BRDA:87,11,0,2
BRDA:90,12,0,2
BRDA:90,13,0,3
BRDA:92,14,0,2
BRDA:92,15,0,2
BRDA:93,16,0,2
BRDA:93,17,0,2
BRDA:111,18,0,1
BRDA:115,19,0,1
BRDA:119,20,0,1
BRDA:127,21,0,1
BRDA:18,22,0,15
BRDA:19,23,0,10
BRDA:19,24,0,5
BRDA:20,25,0,1
BRDA:26,26,0,5
BRDA:38,27,0,4
BRDA:40,28,0,1
BRDA:41,29,0,1
BRDA:52,30,0,2
BRDA:59,31,0,1
BRDA:63,32,0,1
BRF:33
BRH:33
end_of_record
TN:
SF:src\components\admin\audit\AuditLogTable.jsx
FN:16,SortIcon
FN:23,SortableTh
FN:29,onClick
FN:39,compareLogs
FN:66,AuditLogTable
FN:70,onSort
FN:177,onClick
FN:193,onOpenChange
FNF:8
FNH:8
FNDA:50,SortIcon
FNDA:50,SortableTh
FNDA:7,onClick
FNDA:51,compareLogs
FNDA:12,AuditLogTable
FNDA:7,onSort
FNDA:1,onClick
FNDA:1,onOpenChange
DA:1,1
DA:2,1
DA:3,1
DA:4,1
DA:5,1
DA:6,1
DA:13,1
DA:14,1
DA:16,50
DA:17,50
DA:18,10
DA:19,5
DA:20,5
DA:21,50
DA:23,50
DA:24,50
DA:25,50
DA:26,50
DA:27,50
DA:28,50
DA:29,50
DA:30,50
DA:32,50
DA:33,50
DA:34,50
DA:35,50
DA:37,50
DA:39,1
DA:40,51
DA:41,51
DA:43,51
DA:44,51
DA:45,18
DA:46,51
DA:47,11
DA:48,9
DA:49,2
DA:50,11
DA:51,7
DA:52,4
DA:53,11
DA:54,11
DA:55,51
DA:56,8
DA:57,51
DA:58,8
DA:59,51
DA:60,5
DA:61,51
DA:62,1
DA:63,51
DA:64,51
DA:66,1
DA:67,12
DA:68,12
DA:70,12
DA:71,7
DA:72,7
DA:73,2
DA:74,2
DA:75,7
DA:76,7
DA:77,7
DA:79,12
DA:80,10
DA:81,10
DA:82,44
DA:83,44
DA:84,10
DA:85,10
DA:86,12
DA:88,12
DA:89,1
DA:90,1
DA:92,12
DA:93,1
DA:94,1
DA:96,1
DA:98,1
DA:100,10
DA:101,10
DA:102,10
DA:103,10
DA:104,10
DA:105,10
DA:106,10
DA:107,10
DA:108,10
DA:109,10
DA:110,10
DA:111,10
DA:112,10
DA:113,10
DA:114,10
DA:115,10
DA:116,10
DA:117,10
DA:118,10
DA:119,10
DA:120,40
DA:121,40
DA:122,40
DA:123,40
DA:124,40
DA:126,40
DA:127,40
DA:128,40
DA:129,40
DA:130,40
DA:131,40
DA:132,40
DA:134,40
DA:135,40
DA:136,40
DA:137,40
DA:138,40
DA:139,40
DA:140,40
DA:141,40
DA:142,40
DA:143,40
DA:144,40
DA:145,40
DA:146,40
DA:147,30
DA:148,10
DA:149,40
DA:150,40
DA:151,40
DA:152,40
DA:153,40
DA:154,40
DA:155,40
DA:156,40
DA:157,40
DA:158,40
DA:159,40
DA:160,40
DA:161,40
DA:162,40
DA:163,40
DA:164,40
DA:165,40
DA:166,40
DA:167,40
DA:168,40
DA:169,40
DA:170,40
DA:171,40
DA:172,40
DA:173,40
DA:174,40
DA:175,40
DA:176,40
DA:177,40
DA:178,40
DA:179,40
DA:181,40
DA:182,40
DA:183,40
DA:184,40
DA:186,10
DA:187,10
DA:188,10
DA:189,10
DA:191,10
DA:192,10
DA:193,10
DA:194,1
DA:195,1
DA:196,10
DA:197,10
DA:198,10
DA:200,10
LF:174
LH:174
BRDA:16,0,0,50
BRDA:17,1,0,40
BRDA:17,2,0,10
BRDA:18,3,0,5
BRDA:19,4,0,5
BRDA:23,5,0,50
BRDA:29,6,0,7
BRDA:39,7,0,51
BRDA:44,8,0,18
BRDA:46,9,0,11
BRDA:47,10,0,9
BRDA:48,11,0,4
BRDA:48,12,0,2
BRDA:50,13,0,7
BRDA:51,14,0,2
BRDA:51,15,0,2
BRDA:51,16,0,4
BRDA:55,17,0,8
BRDA:56,18,0,4
BRDA:56,19,0,1
BRDA:57,20,0,8
BRDA:58,21,0,4
BRDA:58,22,0,1
BRDA:59,23,0,5
BRDA:61,24,0,1
BRDA:66,25,0,12
BRDA:88,26,0,1
BRDA:88,27,0,1
BRDA:90,28,0,11
BRDA:92,29,0,10
BRDA:92,30,0,1
BRDA:98,31,0,10
BRDA:70,32,0,7
BRDA:71,33,0,7
BRDA:72,34,0,2
BRDA:73,35,0,1
BRDA:73,36,0,1
BRDA:74,37,0,5
BRDA:75,38,0,1
BRDA:75,39,0,4
BRDA:79,40,0,10
BRDA:80,41,0,1
BRDA:81,42,0,44
BRDA:83,43,0,27
BRDA:83,44,0,17
BRDA:119,45,0,40
BRDA:131,46,0,10
BRDA:140,47,0,30
BRDA:141,48,0,30
BRDA:146,49,0,30
BRDA:147,50,0,10
BRDA:147,51,0,20
BRDA:147,52,0,10
BRDA:147,53,0,10
BRDA:150,54,0,30
BRDA:150,55,0,10
BRDA:167,56,0,10
BRDA:170,57,0,10
BRDA:170,58,0,30
BRDA:171,59,0,10
BRDA:171,60,0,30
BRDA:177,61,0,1
BRDA:193,62,0,1
BRF:63
BRH:63
end_of_record
TN:
SF:src\components\admin\billing\BillingOverview.jsx
FN:3,formatMoney
FN:7,BillingOverview
FNF:2
FNH:2
FNDA:2,formatMoney
FNDA:5,BillingOverview
DA:1,1
DA:3,2
DA:4,2
DA:5,2
DA:7,1
DA:8,5
DA:9,5
DA:11,3
DA:13,3
DA:14,3
DA:15,3
DA:16,3
DA:17,3
DA:18,3
DA:19,3
DA:20,3
DA:21,3
DA:22,3
DA:23,3
DA:24,3
DA:25,3
DA:26,5
DA:27,1
DA:28,5
DA:29,5
DA:30,5
DA:31,5
DA:32,5
DA:33,5
DA:34,5
DA:35,5
DA:36,5
DA:37,5
DA:38,5
DA:39,5
DA:40,5
DA:41,5
DA:42,5
DA:43,2
DA:44,2
DA:45,2
DA:46,2
DA:47,2
DA:48,5
DA:49,5
DA:50,5
DA:51,5
DA:52,5
DA:54,5
LF:49
LH:49
BRDA:3,0,0,2
BRDA:4,1,0,1
BRDA:7,2,0,5
BRDA:8,3,0,1
BRDA:8,4,0,4
BRDA:9,5,0,1
BRDA:9,6,0,3
BRDA:26,7,0,1
BRDA:42,8,0,1
BRDA:26,9,0,1
BRDA:42,10,0,2
BRF:11
BRH:11
end_of_record
TN:
SF:src\components\admin\dashboard\AdminOverview.jsx
FN:20,daysUntil
FN:26,AdminOverview
FNF:2
FNH:2
FNDA:4,daysUntil
FNDA:7,AdminOverview
DA:1,1
DA:2,1
DA:3,1
DA:4,1
DA:5,1
DA:11,1
DA:12,1
DA:13,1
DA:14,1
DA:15,1
DA:16,1
DA:17,1
DA:18,1
DA:20,4
DA:21,4
DA:22,4
DA:23,3
DA:24,3
DA:26,1
DA:27,7
DA:28,7
DA:29,7
DA:31,7
DA:32,7
DA:33,1
DA:34,1
DA:35,1
DA:36,1
DA:37,1
DA:38,7
DA:39,7
DA:41,7
DA:42,7
DA:43,7
DA:45,7
DA:46,4
DA:47,4
DA:49,3
DA:50,3
DA:51,3
DA:52,3
DA:53,3
DA:54,7
DA:55,7
DA:56,7
DA:58,7
DA:59,7
DA:60,7
DA:61,7
DA:62,7
DA:64,7
DA:65,7
DA:66,7
DA:67,7
DA:68,7
DA:69,7
DA:70,7
DA:72,7
LF:58
LH:58
BRDA:20,0,0,4
BRDA:22,1,0,1
BRDA:22,2,0,3
BRDA:26,3,0,7
BRDA:43,4,0,4
BRDA:43,5,0,4
BRDA:43,6,0,3
BRDA:45,7,0,4
BRDA:47,8,0,3
BRDA:54,9,0,2
BRDA:54,10,0,1
BRDA:32,11,0,1
BRDA:41,12,0,3
BRDA:42,13,0,3
BRF:14
BRH:14
end_of_record
TN:
SF:src\components\admin\dashboard\CircularProgress.jsx
FN:1,CircularProgress
FNF:1
FNH:1
FNDA:6,CircularProgress
DA:1,1
DA:2,6
DA:3,6
DA:4,6
DA:5,6
DA:7,6
DA:8,6
DA:9,6
DA:10,6
DA:11,6
DA:12,6
DA:13,6
DA:14,6
DA:15,6
DA:16,6
DA:17,6
DA:18,6
DA:19,6
DA:20,6
DA:21,6
DA:22,6
DA:23,6
DA:24,6
DA:25,6
DA:26,6
DA:27,6
DA:28,6
DA:29,6
DA:30,6
DA:31,6
DA:32,6
DA:33,6
DA:34,6
DA:35,6
DA:37,6
LF:35
LH:35
BRDA:1,0,0,6
BRF:1
BRH:1
end_of_record
TN:
SF:src\components\admin\dashboard\NotificationsCard.jsx
FN:6,NotificationsCard
FNF:1
FNH:1
FNDA:6,NotificationsCard
DA:1,1
DA:2,1
DA:3,1
DA:4,1
DA:6,1
DA:7,6
DA:9,6
DA:10,3
DA:11,3
DA:12,3
DA:13,3
DA:14,3
DA:15,3
DA:18,6
DA:19,6
DA:20,6
DA:21,6
DA:22,6
DA:24,6
DA:25,4
DA:26,4
DA:27,4
DA:28,4
DA:29,4
DA:30,4
DA:33,6
DA:34,6
DA:35,6
DA:36,6
DA:37,6
DA:39,6
DA:40,6
DA:41,6
DA:42,6
DA:43,6
DA:45,6
DA:46,6
DA:47,6
DA:48,6
DA:49,6
DA:50,6
DA:51,6
DA:52,6
DA:53,6
DA:54,6
DA:55,6
DA:56,19
DA:57,19
DA:58,19
DA:59,19
DA:60,19
DA:61,19
DA:63,19
DA:64,19
DA:65,19
DA:66,6
DA:67,6
DA:68,6
DA:69,6
DA:71,6
LF:60
LH:60
BRDA:6,0,0,6
BRDA:9,1,0,3
BRDA:12,2,0,1
BRDA:12,3,0,2
BRDA:24,4,0,4
BRDA:55,5,0,19
BRF:6
BRH:6
end_of_record
TN:
SF:src\components\admin\dashboard\OrganizationSetupCard.jsx
FN:6,buildSetupChecklist
FN:21,OrganizationSetupCard
FNF:2
FNH:2
FNDA:6,buildSetupChecklist
FNDA:4,OrganizationSetupCard
DA:1,1
DA:2,1
DA:3,1
DA:4,1
DA:6,1
DA:7,6
DA:8,6
DA:9,6
DA:10,6
DA:11,6
DA:12,6
DA:13,6
DA:14,6
DA:15,6
DA:17,6
DA:18,6
DA:19,6
DA:21,1
DA:22,4
DA:23,4
DA:24,4
DA:26,4
DA:27,4
DA:28,4
DA:29,4
DA:30,4
DA:31,4
DA:32,4
DA:33,4
DA:34,4
DA:35,4
DA:36,24
DA:37,24
DA:38,8
DA:40,16
DA:42,24
DA:43,24
DA:44,4
DA:45,4
DA:46,4
DA:47,4
DA:48,4
DA:49,4
DA:50,4
DA:52,4
DA:53,4
DA:54,4
DA:55,4
DA:57,4
LF:49
LH:49
BRDA:6,0,0,6
BRDA:8,1,0,4
BRDA:9,2,0,4
BRDA:11,3,0,4
BRDA:11,4,0,3
BRDA:11,5,0,4
BRDA:14,6,0,4
BRDA:14,7,0,2
BRDA:21,8,0,4
BRDA:23,9,0,24
BRDA:35,10,0,24
BRDA:37,11,0,8
BRDA:38,12,0,16
BRDA:42,13,0,8
BRDA:42,14,0,16
BRF:15
BRH:15
end_of_record
TN:
SF:src\components\admin\dashboard\QuickActionsCard.jsx
FN:14,QuickActionsCard
FNF:1
FNH:1
FNDA:4,QuickActionsCard
DA:1,1
DA:2,1
DA:3,1
DA:5,1
DA:6,1
DA:8,1
DA:9,1
DA:10,1
DA:11,1
DA:12,1
DA:14,1
DA:15,4
DA:16,4
DA:17,4
DA:18,4
DA:19,4
DA:20,4
DA:21,4
DA:22,20
DA:23,20
DA:24,20
DA:25,20
DA:26,20
DA:27,4
DA:28,16
DA:31,20
DA:32,20
DA:33,20
DA:34,4
DA:35,4
DA:36,4
DA:38,4
LF:32
LH:32
BRDA:14,0,0,4
BRDA:21,1,0,20
BRDA:26,2,0,4
BRDA:27,3,0,16
BRF:4
BRH:4
end_of_record
TN:
SF:src\components\admin\dashboard\RecentActivityCard.jsx
FN:6,iconForAction
FN:16,RecentActivityCard
FNF:2
FNH:2
FNDA:17,iconForAction
FNDA:6,RecentActivityCard
DA:1,1
DA:2,1
DA:3,1
DA:4,1
DA:6,1
DA:7,17
DA:8,17
DA:9,17
DA:10,17
DA:11,17
DA:12,17
DA:13,8
DA:14,8
DA:16,1
DA:17,6
DA:18,6
DA:19,6
DA:20,6
DA:21,6
DA:22,6
DA:23,6
DA:24,1
DA:25,5
DA:26,3
DA:28,2
DA:29,2
DA:30,9
DA:31,9
DA:32,9
DA:33,9
DA:34,9
DA:35,9
DA:36,9
DA:37,9
DA:38,9
DA:39,9
DA:40,9
DA:42,2
DA:43,2
DA:45,6
DA:46,6
DA:47,6
DA:48,6
DA:50,6
DA:51,6
DA:52,6
DA:54,6
LF:47
LH:47
BRDA:6,0,0,17
BRDA:8,1,0,1
BRDA:8,2,0,16
BRDA:9,3,0,14
BRDA:9,4,0,14
BRDA:9,5,0,2
BRDA:9,6,0,14
BRDA:10,7,0,12
BRDA:10,8,0,2
BRDA:10,9,0,12
BRDA:11,10,0,10
BRDA:11,11,0,2
BRDA:11,12,0,10
BRDA:12,13,0,8
BRDA:12,14,0,8
BRDA:12,15,0,2
BRDA:12,16,0,8
BRDA:16,17,0,6
BRDA:23,18,0,1
BRDA:23,19,0,1
BRDA:24,20,0,5
BRDA:25,21,0,3
BRDA:26,22,0,2
BRDA:29,23,0,9
BRDA:37,24,0,8
BRF:25
BRH:25
end_of_record
TN:
SF:src\components\admin\dashboard\StatCard.jsx
FN:5,StatCard
FNF:1
FNH:1
FNDA:140,StatCard
DA:1,1
DA:2,1
DA:3,1
DA:5,1
DA:6,140
DA:7,140
DA:8,140
DA:9,140
DA:10,140
DA:11,140
DA:12,140
DA:14,140
DA:15,140
DA:16,140
DA:17,140
DA:18,140
DA:19,140
DA:20,140
DA:21,140
DA:22,140
DA:23,140
DA:24,1
DA:25,1
DA:26,1
DA:27,1
DA:29,139
DA:31,140
DA:32,140
DA:33,140
DA:35,140
LF:30
LH:30
BRDA:5,0,0,140
BRDA:18,1,0,137
BRDA:23,2,0,1
BRDA:27,3,0,139
BRF:4
BRH:4
end_of_record
TN:
SF:src\components\admin\dashboard\UpcomingRenewalsCard.jsx
FN:5,daysUntil
FN:11,UsageStat
FN:33,UpcomingRenewalsCard
FNF:3
FNH:3
FNDA:6,daysUntil
FNDA:28,UsageStat
FNDA:7,UpcomingRenewalsCard
DA:1,1
DA:2,1
DA:3,1
DA:5,6
DA:6,6
DA:7,6
DA:8,4
DA:9,4
DA:11,28
DA:12,28
DA:13,28
DA:14,28
DA:15,28
DA:16,28
DA:17,28
DA:19,28
DA:20,28
DA:21,28
DA:22,28
DA:23,28
DA:24,28
DA:25,28
DA:26,28
DA:27,28
DA:28,28
DA:29,28
DA:31,28
DA:33,1
DA:34,7
DA:35,7
DA:36,7
DA:39,7
DA:43,7
DA:44,7
DA:45,7
DA:46,7
DA:47,7
DA:48,7
DA:49,7
DA:51,7
DA:52,6
DA:53,6
DA:54,6
DA:55,6
DA:56,6
DA:57,1
DA:59,7
DA:60,7
DA:61,7
DA:62,7
DA:63,7
DA:64,7
DA:65,7
DA:66,7
DA:67,7
DA:68,7
DA:69,7
DA:70,7
DA:71,7
DA:72,7
DA:73,7
DA:74,7
DA:75,7
DA:76,7
DA:77,7
DA:78,7
DA:79,6
DA:81,7
DA:82,7
DA:83,7
DA:84,4
DA:85,4
DA:86,4
DA:87,4
DA:89,7
DA:90,7
DA:91,7
DA:92,7
DA:93,7
DA:94,7
DA:95,7
DA:96,7
DA:98,7
DA:99,7
DA:100,28
DA:101,7
DA:102,7
DA:103,7
DA:104,7
DA:106,7
LF:90
LH:90
BRDA:5,0,0,6
BRDA:7,1,0,2
BRDA:7,2,0,4
BRDA:11,3,0,28
BRDA:16,4,0,21
BRDA:26,5,0,21
BRDA:33,6,0,7
BRDA:34,7,0,6
BRDA:35,8,0,6
BRDA:35,9,0,1
BRDA:36,10,0,6
BRDA:36,11,0,6
BRDA:36,12,0,1
BRDA:39,13,0,4
BRDA:39,14,0,3
BRDA:43,15,0,6
BRDA:43,16,0,5
BRDA:46,17,0,6
BRDA:47,18,0,6
BRDA:48,19,0,6
BRDA:48,20,0,6
BRDA:51,21,0,6
BRDA:51,22,0,6
BRDA:56,23,0,1
BRDA:76,24,0,6
BRDA:76,25,0,1
BRDA:78,26,0,6
BRDA:83,27,0,4
BRDA:99,28,0,28
BRF:29
BRH:29
end_of_record
TN:
SF:src\components\admin\recruiters\InviteHrCta.jsx
FN:4,InviteHrCta
FNF:1
FNH:1
FNDA:1,InviteHrCta
DA:1,1
DA:2,1
DA:4,1
DA:5,1
DA:6,1
DA:7,1
DA:8,1
DA:9,1
DA:10,1
DA:11,1
DA:12,1
DA:13,1
DA:16,1
DA:17,1
DA:18,1
DA:19,1
DA:20,1
DA:22,1
DA:23,1
DA:25,1
LF:20
LH:20
BRDA:4,0,0,1
BRF:1
BRH:1
end_of_record
TN:
SF:src\components\admin\recruiters\InviteRecruiterForm.jsx
FN:12,InviteRecruiterForm
FN:16,onChange
FN:18,handleSubmit
FNF:3
FNH:3
FNDA:52,InviteRecruiterForm
FNDA:156,onChange
FNDA:3,handleSubmit
DA:1,1
DA:2,1
DA:3,1
DA:4,1
DA:5,1
DA:6,1
DA:7,1
DA:8,1
DA:10,1
DA:12,1
DA:13,52
DA:14,52
DA:15,52
DA:16,52
DA:18,52
DA:19,3
DA:20,3
DA:21,3
DA:22,1
DA:23,1
DA:24,1
DA:25,3
DA:26,2
DA:27,2
DA:28,3
DA:30,52
DA:31,52
DA:32,52
DA:33,52
DA:34,52
DA:35,52
DA:36,52
DA:37,52
DA:38,52
DA:39,52
DA:40,52
DA:41,52
DA:42,52
DA:43,52
DA:44,52
DA:45,52
DA:46,52
DA:47,52
DA:48,52
DA:49,52
DA:50,52
DA:51,52
DA:52,52
DA:53,52
DA:54,52
DA:55,52
DA:56,52
DA:57,52
DA:59,52
LF:54
LH:54
BRDA:12,0,0,52
BRDA:52,1,0,2
BRDA:52,2,0,50
BRDA:16,3,0,156
BRDA:16,4,0,45
BRDA:16,5,0,45
BRDA:18,6,0,3
BRDA:21,7,0,1
BRDA:25,8,0,2
BRDA:26,9,0,1
BRF:10
BRH:10
end_of_record
TN:
SF:src\components\admin\recruiters\InviteRecruiterModal.jsx
FN:13,InviteRecruiterModal
FN:19,close
FN:27,onKeyDown
FN:45,onChange
FN:47,handleSubmit
FN:82,onClick
FNF:6
FNH:6
FNDA:88,InviteRecruiterModal
FNDA:4,close
FNDA:70,onKeyDown
FNDA:435,onChange
FNDA:4,handleSubmit
FNDA:20,onClick
DA:1,1
DA:2,1
DA:3,1
DA:4,1
DA:5,1
DA:6,1
DA:7,1
DA:8,1
DA:9,1
DA:11,1
DA:13,1
DA:14,88
DA:15,88
DA:16,88
DA:17,88
DA:19,88
DA:20,4
DA:21,3
DA:22,4
DA:24,88
DA:25,11
DA:27,10
DA:28,70
DA:29,70
DA:31,10
DA:32,10
DA:33,10
DA:35,10
DA:36,10
DA:37,10
DA:38,10
DA:39,88
DA:41,88
DA:42,5
DA:43,88
DA:45,88
DA:47,88
DA:48,4
DA:50,4
DA:51,4
DA:52,4
DA:53,4
DA:54,4
DA:55,4
DA:56,4
DA:57,2
DA:58,2
DA:59,2
DA:60,2
DA:61,2
DA:62,2
DA:63,2
DA:64,4
DA:66,88
DA:68,87
DA:69,87
DA:70,87
DA:71,87
DA:72,87
DA:73,87
DA:74,87
DA:75,87
DA:77,87
DA:78,87
DA:79,87
DA:80,87
DA:81,87
DA:82,87
DA:84,87
DA:85,87
DA:86,87
DA:87,87
DA:88,87
DA:89,87
DA:91,87
DA:92,87
DA:94,87
DA:95,87
DA:97,87
DA:98,87
DA:100,87
DA:101,87
DA:103,87
DA:104,87
DA:105,87
DA:106,87
DA:107,87
DA:108,87
DA:109,87
DA:110,87
DA:111,87
DA:112,87
DA:113,87
DA:114,87
DA:115,87
DA:116,87
DA:117,87
DA:118,87
DA:119,87
DA:120,87
DA:121,87
DA:122,87
DA:123,87
DA:124,87
DA:125,87
DA:126,87
DA:127,87
DA:128,87
DA:129,87
DA:130,87
DA:131,87
DA:132,87
DA:134,87
DA:135,87
DA:136,87
DA:137,87
DA:138,87
DA:139,87
DA:140,87
DA:141,87
DA:142,87
DA:143,87
DA:144,87
DA:145,87
DA:146,87
DA:147,87
DA:148,87
DA:149,87
DA:150,87
DA:151,87
DA:153,87
DA:154,87
DA:156,87
DA:157,87
DA:158,88
DA:159,88
DA:160,88
DA:161,88
DA:162,88
DA:163,88
DA:164,88
DA:165,88
DA:166,88
LF:143
LH:143
BRDA:13,0,0,88
BRDA:66,1,0,87
BRDA:66,2,0,1
BRDA:66,3,0,87
BRDA:158,4,0,3
BRDA:158,5,0,84
BRDA:19,6,0,4
BRDA:20,7,0,1
BRDA:20,8,0,3
BRDA:24,9,0,11
BRDA:25,10,0,1
BRDA:25,11,0,10
BRDA:27,12,0,70
BRDA:28,13,0,2
BRDA:28,14,0,1
BRDA:35,15,0,10
BRDA:41,16,0,5
BRDA:42,17,0,4
BRDA:45,18,0,435
BRDA:45,19,0,68
BRDA:45,20,0,68
BRDA:47,21,0,4
BRDA:56,22,0,2
BRDA:60,23,0,1
BRDA:62,24,0,1
BRDA:82,25,0,20
BRF:26
BRH:26
end_of_record
TN:
SF:src\components\admin\recruiters\RecruiterInviteBanner.jsx
FN:7,RecruiterInviteBanner
FN:15,copyLink
FN:33,onClick
FNF:3
FNH:3
FNDA:3,RecruiterInviteBanner
FNDA:1,copyLink
FNDA:1,onClick
DA:1,1
DA:2,1
DA:3,1
DA:4,1
DA:5,1
DA:7,1
DA:8,3
DA:9,3
DA:11,3
DA:13,1
DA:15,1
DA:16,1
DA:17,1
DA:18,1
DA:20,1
DA:21,1
DA:22,1
DA:23,1
DA:24,1
DA:25,1
DA:26,1
DA:27,1
DA:28,1
DA:29,1
DA:30,1
DA:32,1
DA:33,1
DA:34,1
DA:35,1
DA:36,1
DA:37,1
DA:38,1
DA:40,1
LF:33
LH:33
BRDA:7,0,0,3
BRDA:11,1,0,1
BRDA:11,2,0,2
BRDA:11,3,0,1
BRDA:15,4,0,1
BRDA:33,5,0,1
BRF:6
BRH:6
end_of_record
TN:
SF:src\components\admin\recruiters\RecruiterRowActions.jsx
FN:9,RecruiterRowActions
FN:16,handleDeleteConfirm
FN:27,onClick
FN:35,onClick
FNF:4
FNH:4
FNDA:13,RecruiterRowActions
FNDA:3,handleDeleteConfirm
FNDA:1,onClick
FNDA:3,onClick
DA:1,1
DA:2,1
DA:3,1
DA:4,1
DA:5,1
DA:6,1
DA:7,1
DA:9,1
DA:10,13
DA:11,13
DA:12,13
DA:13,13
DA:14,13
DA:16,13
DA:17,3
DA:18,3
DA:19,2
DA:20,3
DA:21,3
DA:23,13
DA:24,13
DA:25,13
DA:26,13
DA:27,13
DA:28,13
DA:29,13
DA:31,13
DA:32,13
DA:33,13
DA:34,13
DA:35,13
DA:36,13
DA:37,13
DA:39,13
DA:40,13
DA:42,13
DA:43,13
DA:44,13
DA:45,13
DA:46,13
DA:48,13
DA:49,13
DA:50,13
DA:51,13
DA:52,13
DA:53,13
DA:54,13
DA:55,13
DA:56,13
DA:57,13
DA:58,13
DA:60,13
LF:52
LH:52
BRDA:9,0,0,13
BRDA:16,1,0,3
BRDA:18,2,0,1
BRDA:18,3,0,2
BRDA:19,4,0,1
BRDA:27,5,0,1
BRDA:35,6,0,3
BRF:7
BRH:7
end_of_record
TN:
SF:src\components\admin\recruiters\RecruiterTable.jsx
FN:7,RecruiterTable
FNF:1
FNH:1
FNDA:6,RecruiterTable
DA:1,1
DA:2,1
DA:3,1
DA:4,1
DA:5,1
DA:7,1
DA:8,6
DA:9,2
DA:10,2
DA:11,6
DA:12,2
DA:13,2
DA:15,2
DA:17,2
DA:19,2
DA:20,2
DA:21,2
DA:22,2
DA:23,2
DA:24,2
DA:25,2
DA:26,2
DA:27,2
DA:28,2
DA:29,2
DA:30,2
DA:31,2
DA:32,2
DA:33,2
DA:34,2
DA:35,2
DA:36,2
DA:37,2
DA:38,2
DA:39,2
DA:40,2
DA:41,2
DA:42,2
DA:43,2
DA:44,2
DA:45,2
DA:46,2
DA:47,2
DA:48,2
DA:50,2
DA:51,2
DA:52,2
DA:53,2
DA:54,2
DA:55,2
DA:56,2
DA:57,2
DA:58,2
DA:59,2
DA:60,2
DA:62,2
DA:63,2
DA:64,2
DA:65,2
DA:67,2
LF:60
LH:60
BRDA:7,0,0,6
BRDA:8,1,0,2
BRDA:8,2,0,2
BRDA:10,3,0,4
BRDA:11,4,0,2
BRDA:34,5,0,2
BRDA:35,6,0,1
BRF:7
BRH:7
end_of_record
TN:
SF:src\components\admin\recruiters\TablePagination.jsx
FN:4,buildPageList
FN:32,TablePagination
FN:55,onClick
FN:74,onClick
FN:90,onClick
FNF:5
FNH:4
FNDA:28,buildPageList
FNDA:26,TablePagination
FNDA:1,onClick
FNDA:0,onClick
FNDA:2,onClick
DA:1,1
DA:2,1
DA:4,1
DA:5,28
DA:6,22
DA:7,22
DA:9,6
DA:10,28
DA:11,2
DA:12,2
DA:13,2
DA:14,2
DA:15,9
DA:16,2
DA:17,2
DA:18,2
DA:19,2
DA:21,6
DA:22,6
DA:23,9
DA:24,30
DA:25,8
DA:26,8
DA:27,30
DA:28,30
DA:29,6
DA:30,6
DA:32,1
DA:33,26
DA:35,24
DA:36,26
DA:37,26
DA:38,26
DA:40,26
DA:42,26
DA:43,26
DA:44,26
DA:45,26
DA:46,26
DA:47,26
DA:48,26
DA:50,26
DA:51,4
DA:52,4
DA:53,4
DA:54,4
DA:55,4
DA:56,4
DA:57,4
DA:59,4
DA:60,4
DA:62,4
DA:63,21
DA:64,4
DA:65,4
DA:66,4
DA:67,4
DA:69,4
DA:71,17
DA:72,17
DA:73,17
DA:74,17
DA:75,17
DA:76,17
DA:77,17
DA:78,4
DA:79,13
DA:80,17
DA:82,17
DA:83,17
DA:85,4
DA:87,4
DA:88,4
DA:89,4
DA:90,4
DA:91,4
DA:92,4
DA:94,4
DA:95,4
DA:96,4
DA:98,26
DA:100,26
LF:82
LH:82
BRDA:4,0,0,28
BRDA:5,1,0,27
BRDA:5,2,0,22
BRDA:7,3,0,6
BRDA:10,4,0,9
BRDA:10,5,0,2
BRDA:14,6,0,6
BRDA:15,7,0,2
BRDA:19,8,0,6
BRDA:23,9,0,30
BRDA:24,10,0,24
BRDA:24,11,0,8
BRDA:28,12,0,6
BRDA:6,13,0,27
BRDA:21,14,0,30
BRDA:21,15,0,50
BRDA:32,16,0,26
BRDA:33,17,0,25
BRDA:33,18,0,2
BRDA:33,19,0,24
BRDA:36,20,0,21
BRDA:36,21,0,20
BRDA:50,22,0,4
BRDA:55,23,0,1
BRDA:62,24,0,21
BRDA:63,25,0,4
BRDA:69,26,0,17
BRDA:77,27,0,4
BRDA:78,28,0,13
BRDA:90,29,0,2
BRF:30
BRH:30
end_of_record
TN:
SF:src\components\admin\recruiters\ViewRecruiterModal.jsx
FN:19,ViewRecruiterModal
FN:27,onKeyDown
FN:41,run
FN:53,onClick
FN:60,onClick
FN:64,onClick
FN:106,onClick
FN:114,onClick
FN:124,onClick
FN:129,onClick
FNF:10
FNH:9
FNDA:22,ViewRecruiterModal
FNDA:1,onKeyDown
FNDA:5,run
FNDA:2,onClick
FNDA:7,onClick
FNDA:0,onClick
FNDA:3,onClick
FNDA:1,onClick
FNDA:1,onClick
FNDA:1,onClick
DA:1,1
DA:2,1
DA:3,1
DA:4,1
DA:5,1
DA:6,1
DA:7,1
DA:8,1
DA:9,1
DA:10,1
DA:11,1
DA:12,1
DA:19,1
DA:20,22
DA:21,22
DA:22,22
DA:23,22
DA:25,22
DA:26,11
DA:27,6
DA:28,1
DA:29,1
DA:30,6
DA:31,6
DA:32,6
DA:33,6
DA:34,6
DA:35,6
DA:36,6
DA:37,22
DA:39,22
DA:41,8
DA:42,5
DA:43,5
DA:44,3
DA:45,5
DA:47,8
DA:48,8
DA:49,8
DA:50,8
DA:51,8
DA:52,8
DA:53,8
DA:54,8
DA:55,8
DA:56,8
DA:57,8
DA:58,8
DA:59,8
DA:60,8
DA:62,8
DA:63,8
DA:64,8
DA:65,8
DA:66,8
DA:68,8
DA:69,8
DA:71,8
DA:72,8
DA:73,8
DA:74,8
DA:75,8
DA:76,8
DA:77,8
DA:78,8
DA:79,8
DA:81,8
DA:82,8
DA:83,8
DA:84,8
DA:85,8
DA:86,8
DA:87,8
DA:88,8
DA:89,8
DA:90,8
DA:91,8
DA:92,8
DA:93,8
DA:94,8
DA:95,8
DA:96,22
DA:97,22
DA:98,22
DA:100,22
DA:101,22
DA:102,7
DA:103,7
DA:104,7
DA:105,7
DA:106,7
DA:107,7
DA:109,7
DA:110,7
DA:111,7
DA:112,7
DA:113,7
DA:114,7
DA:115,7
DA:117,7
DA:118,7
DA:120,22
DA:121,1
DA:122,1
DA:123,1
DA:124,1
DA:125,1
DA:127,1
DA:129,22
DA:131,22
DA:132,22
DA:133,22
DA:134,22
DA:135,22
DA:136,22
DA:137,22
LF:116
LH:116
BRDA:19,0,0,22
BRDA:22,1,0,21
BRDA:39,2,0,9
BRDA:39,3,0,8
BRDA:39,4,0,14
BRDA:39,5,0,8
BRDA:96,6,0,1
BRDA:101,7,0,7
BRDA:120,8,0,1
BRDA:25,9,0,11
BRDA:26,10,0,5
BRDA:26,11,0,6
BRDA:27,12,0,1
BRDA:33,13,0,6
BRDA:41,14,0,5
BRDA:43,15,0,2
BRDA:43,16,0,3
BRDA:44,17,0,1
BRDA:53,18,0,2
BRDA:60,19,0,7
BRDA:106,20,0,3
BRDA:114,21,0,1
BRDA:124,22,0,1
BRDA:129,23,0,1
BRF:24
BRH:24
end_of_record
TN:
SF:src\components\admin\settings\OrgSettingsForm.jsx
FN:17,OrgSettingsForm
FN:48,onChange
FN:50,handleSubmit
FN:72,handleLogoChange
FN:119,onError
FN:139,onClick
FNF:6
FNH:6
FNDA:29,OrgSettingsForm
FNDA:138,onChange
FNDA:4,handleSubmit
FNDA:4,handleLogoChange
FNDA:1,onError
FNDA:1,onClick
DA:1,1
DA:2,1
DA:3,1
DA:4,1
DA:5,1
DA:6,1
DA:7,1
DA:8,1
DA:9,1
DA:15,1
DA:17,1
DA:18,29
DA:19,29
DA:20,29
DA:21,29
DA:22,29
DA:24,29
DA:25,2
DA:26,29
DA:28,29
DA:29,7
DA:30,5
DA:31,5
DA:32,5
DA:33,5
DA:34,5
DA:35,5
DA:36,5
DA:37,5
DA:38,5
DA:39,5
DA:40,29
DA:42,29
DA:43,6
DA:44,29
DA:46,29
DA:48,23
DA:50,23
DA:51,4
DA:59,4
DA:60,4
DA:61,4
DA:62,4
DA:63,4
DA:64,4
DA:65,4
DA:66,4
DA:67,4
DA:68,4
DA:69,2
DA:70,4
DA:72,23
DA:73,4
DA:74,4
DA:75,4
DA:76,3
DA:77,4
DA:78,2
DA:79,4
DA:82,29
DA:83,29
DA:84,29
DA:86,29
DA:87,29
DA:88,29
DA:89,29
DA:90,29
DA:91,29
DA:92,29
DA:94,29
DA:95,29
DA:96,29
DA:97,29
DA:98,29
DA:99,29
DA:100,29
DA:101,29
DA:102,29
DA:103,29
DA:104,29
DA:105,29
DA:106,29
DA:107,29
DA:108,29
DA:109,29
DA:110,29
DA:111,29
DA:112,29
DA:113,29
DA:114,19
DA:115,19
DA:116,19
DA:117,19
DA:118,19
DA:119,19
DA:120,19
DA:122,4
DA:124,29
DA:125,29
DA:126,29
DA:127,29
DA:128,29
DA:129,29
DA:130,29
DA:131,29
DA:132,29
DA:133,29
DA:134,29
DA:135,29
DA:136,29
DA:137,29
DA:138,29
DA:139,29
DA:141,29
DA:142,29
DA:143,29
DA:144,29
DA:145,29
DA:146,29
DA:147,29
DA:148,29
DA:149,29
DA:150,29
DA:151,29
DA:152,29
DA:153,29
DA:154,29
DA:155,29
DA:156,29
DA:157,29
DA:158,29
DA:159,29
DA:160,29
DA:161,29
DA:162,29
DA:163,29
DA:164,29
DA:165,29
DA:166,29
DA:167,29
DA:168,29
DA:169,29
DA:170,29
DA:171,29
DA:172,29
DA:173,29
DA:174,29
DA:175,29
DA:177,29
LF:149
LH:149
BRDA:17,0,0,29
BRDA:44,1,0,25
BRDA:46,2,0,6
BRDA:46,3,0,23
BRDA:83,4,0,23
BRDA:83,5,0,12
BRDA:83,6,0,11
BRDA:84,7,0,21
BRDA:113,8,0,19
BRDA:120,9,0,4
BRDA:141,10,0,2
BRDA:141,11,0,21
BRDA:141,12,0,17
BRDA:141,13,0,4
BRDA:174,14,0,3
BRDA:174,15,0,20
BRDA:24,16,0,2
BRDA:28,17,0,7
BRDA:29,18,0,5
BRDA:31,19,0,1
BRDA:32,20,0,3
BRDA:33,21,0,2
BRDA:34,22,0,2
BRDA:35,23,0,2
BRDA:36,24,0,2
BRDA:37,25,0,2
BRDA:42,26,0,6
BRDA:48,27,0,138
BRDA:48,28,0,7
BRDA:48,29,0,7
BRDA:50,30,0,4
BRDA:60,31,0,3
BRDA:68,32,0,2
BRDA:69,33,0,1
BRDA:72,34,0,4
BRDA:75,35,0,1
BRDA:75,36,0,3
BRDA:77,37,0,1
BRDA:77,38,0,2
BRDA:78,39,0,1
BRDA:119,40,0,1
BRDA:139,41,0,1
BRF:42
BRH:42
end_of_record
TN:
SF:src\components\admin\templates\EmailTemplateCard.jsx
FN:10,EmailTemplateCard
FN:16,handleSave
FN:36,onChange
FN:43,onChange
FNF:4
FNH:4
FNDA:24,EmailTemplateCard
FNDA:3,handleSave
FNDA:6,onChange
FNDA:9,onChange
DA:1,1
DA:2,1
DA:3,1
DA:4,1
DA:5,1
DA:6,1
DA:7,1
DA:8,1
DA:10,1
DA:11,24
DA:12,24
DA:13,24
DA:14,24
DA:16,24
DA:17,3
DA:18,3
DA:19,3
DA:20,3
DA:21,3
DA:22,3
DA:23,3
DA:24,2
DA:25,3
DA:27,24
DA:28,24
DA:29,24
DA:30,24
DA:31,24
DA:32,24
DA:33,24
DA:34,24
DA:35,24
DA:36,24
DA:37,24
DA:38,24
DA:39,24
DA:40,24
DA:41,24
DA:42,24
DA:43,24
DA:44,24
DA:45,24
DA:46,24
DA:47,24
DA:48,24
DA:49,24
DA:50,24
DA:52,24
LF:48
LH:48
BRDA:10,0,0,24
BRDA:47,1,0,3
BRDA:47,2,0,21
BRDA:16,3,0,3
BRDA:23,4,0,1
BRDA:23,5,0,2
BRDA:24,6,0,1
BRDA:36,7,0,6
BRDA:43,8,0,9
BRF:9
BRH:9
end_of_record
TN:
SF:src\components\admin\templates\WhatsAppTemplateCard.jsx
FN:9,WhatsAppTemplateCard
FN:14,handleSave
FN:37,onChange
FNF:3
FNH:3
FNDA:17,WhatsAppTemplateCard
FNDA:3,handleSave
FNDA:9,onChange
DA:1,1
DA:2,1
DA:3,1
DA:4,1
DA:5,1
DA:6,1
DA:7,1
DA:9,1
DA:10,17
DA:11,17
DA:12,17
DA:14,17
DA:15,3
DA:16,3
DA:17,3
DA:18,3
DA:19,3
DA:20,3
DA:21,3
DA:22,2
DA:23,3
DA:25,17
DA:26,17
DA:27,17
DA:28,17
DA:29,17
DA:30,17
DA:31,17
DA:32,17
DA:33,17
DA:34,17
DA:35,17
DA:36,17
DA:37,17
DA:38,17
DA:39,17
DA:40,17
DA:41,17
DA:42,17
DA:43,17
DA:44,17
DA:46,17
LF:42
LH:42
BRDA:9,0,0,17
BRDA:41,1,0,3
BRDA:41,2,0,14
BRDA:14,3,0,3
BRDA:21,4,0,1
BRDA:21,5,0,2
BRDA:22,6,0,1
BRDA:37,7,0,9
BRF:8
BRH:8
end_of_record
TN:
SF:src\components\auth\AuthBranding.jsx
FN:4,BrandLogo
FN:18,AuthFooterLink
FNF:2
FNH:2
FNDA:3,BrandLogo
FNDA:1,AuthFooterLink
DA:1,1
DA:2,1
DA:4,1
DA:5,3
DA:6,3
DA:7,3
DA:8,3
DA:9,3
DA:10,3
DA:11,3
DA:12,3
DA:13,3
DA:14,3
DA:16,3
DA:18,1
DA:19,1
DA:20,1
DA:21,1
DA:22,1
DA:23,1
DA:24,1
DA:25,1
DA:27,1
LF:23
LH:23
BRDA:4,0,0,3
BRDA:12,1,0,2
BRDA:18,2,0,1
BRF:3
BRH:3
end_of_record
TN:
SF:src\components\auth\AuthHeroPanel.jsx
FN:1,AuthHeroPanel
FNF:1
FNH:1
FNDA:2,AuthHeroPanel
DA:1,1
DA:2,2
DA:3,2
DA:4,2
DA:5,2
DA:6,2
DA:7,2
DA:8,2
DA:10,2
DA:11,2
DA:13,2
DA:14,2
DA:15,2
DA:16,2
DA:17,6
DA:18,6
DA:19,6
DA:20,6
DA:21,2
DA:22,2
DA:23,2
DA:25,2
LF:22
LH:22
BRDA:1,0,0,2
BRDA:16,1,0,6
BRF:2
BRH:2
end_of_record
TN:
SF:src\components\auth\AuthLayout.jsx
FN:5,AuthLayout
FNF:1
FNH:1
FNDA:1,AuthLayout
DA:1,1
DA:2,1
DA:3,1
DA:5,1
DA:6,1
DA:7,1
DA:8,1
DA:9,1
DA:10,1
DA:11,1
DA:12,1
DA:13,1
DA:14,1
DA:15,1
DA:16,1
DA:17,1
DA:19,1
LF:17
LH:17
BRDA:5,0,0,1
BRF:1
BRH:1
end_of_record
TN:
SF:src\components\auth\ForgotPasswordForm.jsx
FN:8,ForgotPasswordForm
FN:13,handleSubmit
FN:48,onChange
FNF:3
FNH:3
FNDA:57,ForgotPasswordForm
FNDA:5,handleSubmit
FNDA:42,onChange
DA:1,1
DA:2,1
DA:3,1
DA:4,1
DA:5,1
DA:6,1
DA:8,1
DA:9,57
DA:10,57
DA:11,57
DA:13,57
DA:14,5
DA:15,5
DA:16,5
DA:17,5
DA:18,5
DA:19,5
DA:20,5
DA:21,5
DA:22,2
DA:23,5
DA:24,5
DA:25,5
DA:26,5
DA:28,57
DA:29,3
DA:30,3
DA:31,3
DA:32,3
DA:33,3
DA:34,3
DA:35,3
DA:36,3
DA:38,3
DA:40,54
DA:41,54
DA:42,54
DA:43,54
DA:44,54
DA:45,54
DA:46,54
DA:47,54
DA:48,54
DA:49,54
DA:50,54
DA:51,54
DA:52,54
DA:54,54
DA:55,54
DA:56,54
DA:57,57
DA:58,57
DA:59,57
DA:61,57
LF:54
LH:54
BRDA:8,0,0,57
BRDA:28,1,0,3
BRDA:38,2,0,54
BRDA:57,3,0,5
BRDA:57,4,0,49
BRDA:13,5,0,5
BRDA:17,6,0,3
BRDA:18,7,0,2
BRDA:18,8,0,1
BRDA:20,9,0,3
BRDA:20,10,0,2
BRDA:20,11,0,1
BRDA:20,12,0,1
BRDA:21,13,0,2
BRDA:22,14,0,1
BRDA:22,15,0,1
BRDA:48,16,0,42
BRF:17
BRH:17
end_of_record
TN:
SF:src\components\auth\InviteWelcomeBanner.jsx
FN:3,getWelcomeMessage
FN:11,InviteWelcomeBanner
FNF:2
FNH:2
FNDA:102,getWelcomeMessage
FNDA:103,InviteWelcomeBanner
DA:1,1
DA:3,1
DA:4,102
DA:5,1
DA:6,1
DA:8,101
DA:9,101
DA:11,1
DA:12,103
DA:14,102
DA:15,102
DA:16,102
DA:17,102
DA:18,102
DA:19,102
DA:21,102
DA:22,102
DA:24,102
LF:18
LH:18
BRDA:3,0,0,102
BRDA:4,1,0,101
BRDA:4,2,0,1
BRDA:11,3,0,103
BRDA:12,4,0,1
BRDA:12,5,0,102
BRF:6
BRH:6
end_of_record
TN:
SF:src\components\auth\LoginForm.jsx
FN:12,LoginForm
FN:19,handleSubmit
FN:40,onChange
FN:49,onChange
FNF:4
FNH:4
FNDA:46,LoginForm
FNDA:3,handleSubmit
FNDA:21,onChange
FNDA:18,onChange
DA:1,1
DA:2,1
DA:3,1
DA:4,1
DA:5,1
DA:6,1
DA:7,1
DA:8,1
DA:9,1
DA:10,1
DA:12,1
DA:13,46
DA:14,46
DA:15,46
DA:16,46
DA:17,46
DA:19,46
DA:20,3
DA:21,3
DA:22,3
DA:23,3
DA:24,1
DA:25,1
DA:26,1
DA:27,3
DA:28,2
DA:29,2
DA:30,3
DA:32,46
DA:33,46
DA:34,46
DA:35,46
DA:36,46
DA:37,46
DA:38,46
DA:39,46
DA:40,46
DA:41,46
DA:42,46
DA:43,46
DA:44,46
DA:45,46
DA:46,46
DA:47,46
DA:48,46
DA:49,46
DA:50,46
DA:51,46
DA:52,46
DA:53,46
DA:54,46
DA:55,46
DA:56,46
DA:58,46
DA:59,46
DA:60,46
DA:61,46
DA:62,46
DA:63,46
DA:65,46
LF:60
LH:60
BRDA:12,0,0,46
BRDA:61,1,0,2
BRDA:61,2,0,44
BRDA:19,3,0,3
BRDA:23,4,0,1
BRDA:27,5,0,2
BRDA:28,6,0,1
BRDA:40,7,0,21
BRDA:49,8,0,18
BRF:9
BRH:9
end_of_record
TN:
SF:src\components\auth\PasswordField.jsx
FN:7,PasswordField
FN:24,onClick
FNF:2
FNH:2
FNDA:449,PasswordField
FNDA:2,onClick
DA:1,1
DA:2,1
DA:3,1
DA:4,1
DA:5,1
DA:7,1
DA:8,449
DA:10,449
DA:11,449
DA:12,449
DA:13,449
DA:14,449
DA:15,449
DA:16,449
DA:17,449
DA:18,449
DA:19,449
DA:20,449
DA:21,449
DA:22,449
DA:23,449
DA:24,449
DA:25,449
DA:27,449
DA:28,449
DA:29,449
DA:30,449
DA:31,449
DA:33,449
LF:29
LH:29
BRDA:7,0,0,449
BRDA:16,1,0,1
BRDA:16,2,0,448
BRDA:20,3,0,29
BRDA:27,4,0,1
BRDA:27,5,0,448
BRDA:30,6,0,29
BRDA:24,7,0,2
BRDA:24,8,0,2
BRF:9
BRH:9
end_of_record
TN:
SF:src\components\auth\PasswordStrengthRules.jsx
FN:5,PasswordStrengthRules
FNF:1
FNH:1
FNDA:200,PasswordStrengthRules
DA:1,1
DA:2,1
DA:3,1
DA:5,1
DA:6,200
DA:8,200
DA:9,200
DA:10,200
DA:11,1000
DA:12,1000
DA:13,1000
DA:14,1000
DA:15,1000
DA:16,1000
DA:18,1000
DA:19,612
DA:21,388
DA:23,1000
DA:24,1000
DA:25,200
DA:26,200
DA:28,200
LF:22
LH:22
BRDA:5,0,0,200
BRDA:10,1,0,1000
BRDA:15,2,0,612
BRDA:15,3,0,388
BRDA:18,4,0,612
BRDA:19,5,0,388
BRF:6
BRH:6
end_of_record
TN:
SF:src\components\auth\ResetPasswordForm.jsx
FN:10,ResetPasswordForm
FN:19,handleSubmit
FN:52,onChange
FN:64,onChange
FNF:4
FNH:4
FNDA:100,ResetPasswordForm
FNDA:6,handleSubmit
FNDA:41,onChange
FNDA:43,onChange
DA:1,1
DA:2,1
DA:3,1
DA:4,1
DA:5,1
DA:6,1
DA:7,1
DA:8,1
DA:10,1
DA:11,100
DA:12,100
DA:13,100
DA:14,100
DA:15,100
DA:17,100
DA:19,100
DA:20,6
DA:21,6
DA:22,6
DA:23,6
DA:24,2
DA:25,2
DA:26,2
DA:28,4
DA:29,4
DA:30,4
DA:31,6
DA:32,6
DA:33,6
DA:34,2
DA:35,6
DA:36,4
DA:37,4
DA:38,6
DA:40,100
DA:41,100
DA:42,100
DA:43,100
DA:44,100
DA:45,100
DA:46,100
DA:47,100
DA:48,100
DA:49,100
DA:50,100
DA:51,100
DA:52,100
DA:53,41
DA:54,41
DA:55,41
DA:56,100
DA:57,100
DA:58,100
DA:59,100
DA:60,100
DA:61,100
DA:62,100
DA:63,100
DA:64,100
DA:65,43
DA:66,43
DA:67,43
DA:68,100
DA:69,100
DA:70,100
DA:71,100
DA:72,100
DA:73,100
DA:74,100
DA:76,100
LF:70
LH:70
BRDA:10,0,0,100
BRDA:17,1,0,46
BRDA:17,2,0,13
BRDA:44,3,0,58
BRDA:44,4,0,42
BRDA:71,5,0,96
BRDA:72,6,0,4
BRDA:72,7,0,96
BRDA:19,8,0,6
BRDA:23,9,0,4
BRDA:23,10,0,2
BRDA:26,11,0,4
BRDA:30,12,0,2
BRDA:31,13,0,1
BRDA:33,14,0,2
BRDA:34,15,0,1
BRDA:34,16,0,1
BRDA:35,17,0,4
BRDA:52,18,0,41
BRDA:54,19,0,1
BRDA:54,20,0,1
BRDA:64,21,0,43
BRDA:66,22,0,1
BRDA:66,23,0,1
BRF:24
BRH:24
end_of_record
TN:
SF:src\components\auth\SignUpForm.jsx
FN:11,SignUpForm
FN:20,handleSubmit
FN:48,onChange
FN:60,onChange
FNF:4
FNH:4
FNDA:100,SignUpForm
FNDA:6,handleSubmit
FNDA:41,onChange
FNDA:43,onChange
DA:1,1
DA:2,1
DA:3,1
DA:4,1
DA:5,1
DA:6,1
DA:7,1
DA:8,1
DA:9,1
DA:11,1
DA:12,100
DA:13,100
DA:14,100
DA:15,100
DA:16,100
DA:18,100
DA:20,100
DA:21,6
DA:22,6
DA:23,6
DA:24,6
DA:25,2
DA:26,2
DA:27,2
DA:29,4
DA:30,4
DA:31,4
DA:32,6
DA:33,6
DA:34,6
DA:35,2
DA:36,6
DA:37,4
DA:38,4
DA:39,6
DA:41,100
DA:42,100
DA:43,100
DA:44,100
DA:45,100
DA:46,100
DA:47,100
DA:48,100
DA:49,41
DA:50,41
DA:51,41
DA:52,100
DA:53,100
DA:54,100
DA:55,100
DA:56,100
DA:57,100
DA:58,100
DA:59,100
DA:60,100
DA:61,43
DA:62,43
DA:63,43
DA:64,100
DA:65,100
DA:66,100
DA:67,100
DA:68,100
DA:69,100
DA:70,100
DA:72,100
LF:66
LH:66
BRDA:11,0,0,100
BRDA:18,1,0,46
BRDA:18,2,0,13
BRDA:67,3,0,96
BRDA:68,4,0,4
BRDA:68,5,0,96
BRDA:20,6,0,6
BRDA:24,7,0,4
BRDA:24,8,0,2
BRDA:27,9,0,4
BRDA:31,10,0,2
BRDA:32,11,0,1
BRDA:34,12,0,2
BRDA:35,13,0,1
BRDA:35,14,0,1
BRDA:36,15,0,4
BRDA:48,16,0,41
BRDA:50,17,0,1
BRDA:50,18,0,1
BRDA:60,19,0,43
BRDA:62,20,0,1
BRDA:62,21,0,1
BRF:22
BRH:22
end_of_record
TN:
SF:src\components\layout\DashboardShell.jsx
FN:11,PlanCard
FN:45,DashboardShell
FNF:2
FNH:2
FNDA:6,PlanCard
FNDA:7,DashboardShell
DA:1,1
DA:2,1
DA:3,1
DA:4,1
DA:5,1
DA:6,1
DA:7,1
DA:8,1
DA:9,1
DA:11,6
DA:12,6
DA:13,6
DA:14,6
DA:15,6
DA:16,6
DA:17,6
DA:18,6
DA:19,6
DA:20,6
DA:21,6
DA:22,6
DA:23,6
DA:24,6
DA:25,6
DA:26,4
DA:27,4
DA:28,4
DA:29,4
DA:30,4
DA:31,4
DA:32,4
DA:33,4
DA:35,6
DA:36,6
DA:37,6
DA:38,6
DA:40,6
DA:41,6
DA:43,6
DA:45,1
DA:46,7
DA:47,7
DA:48,7
DA:49,7
DA:51,7
DA:52,3
DA:53,2
DA:54,2
DA:55,2
DA:56,7
DA:58,7
DA:59,7
DA:60,7
DA:61,7
DA:62,7
DA:63,7
DA:64,7
DA:65,7
DA:66,7
DA:68,7
DA:69,6
DA:70,6
DA:71,6
DA:72,6
DA:74,6
DA:75,6
DA:76,6
DA:77,6
DA:78,6
DA:79,6
DA:80,6
DA:83,7
DA:84,7
DA:85,7
DA:87,7
DA:88,6
DA:89,6
DA:90,6
DA:91,6
DA:92,6
DA:93,6
DA:95,7
DA:97,7
DA:98,7
DA:99,7
DA:100,7
DA:101,7
DA:102,7
DA:103,7
DA:104,7
DA:105,7
DA:107,7
LF:92
LH:92
BRDA:11,0,0,6
BRDA:21,1,0,2
BRDA:25,2,0,4
BRDA:45,3,0,7
BRDA:68,4,0,6
BRDA:76,5,0,4
BRDA:76,6,0,2
BRDA:87,7,0,6
BRDA:51,8,0,3
BRDA:52,9,0,2
BRF:10
BRH:10
end_of_record
TN:
SF:src\components\layout\PageContentSkeleton.jsx
FN:5,PageContentSkeleton
FNF:1
FNH:1
FNDA:88,PageContentSkeleton
DA:5,1
DA:6,88
DA:7,88
DA:8,88
DA:9,88
DA:10,88
DA:11,88
DA:13,88
DA:14,88
DA:15,88
DA:16,88
DA:18,88
DA:19,88
DA:20,352
DA:21,352
DA:22,352
DA:23,352
DA:24,88
DA:25,88
DA:27,88
DA:28,88
DA:29,88
DA:30,88
DA:31,88
DA:32,88
DA:33,88
DA:34,88
DA:35,88
DA:36,704
DA:37,704
DA:38,704
DA:39,704
DA:40,704
DA:41,704
DA:42,704
DA:43,704
DA:44,704
DA:45,704
DA:46,88
DA:47,88
DA:48,88
DA:49,88
DA:50,88
DA:52,88
LF:44
LH:44
BRDA:5,0,0,88
BRDA:19,1,0,352
BRDA:35,2,0,704
BRF:3
BRH:3
end_of_record
TN:
SF:src\components\layout\PageHeader.jsx
FN:4,PageHeader
FNF:1
FNH:1
FNDA:303,PageHeader
DA:1,1
DA:2,1
DA:4,1
DA:5,303
DA:6,303
DA:7,303
DA:8,303
DA:9,303
DA:10,303
DA:11,303
DA:12,5
DA:13,5
DA:14,5
DA:16,303
DA:17,140
DA:19,303
DA:21,303
LF:17
LH:17
BRDA:4,0,0,303
BRDA:9,1,0,302
BRDA:11,2,0,145
BRDA:11,3,0,5
BRDA:16,4,0,145
BRDA:16,5,0,140
BRF:6
BRH:6
end_of_record
TN:
SF:src\components\layout\SidebarNav.jsx
FN:41,SidebarNav
FN:51,className
FNF:2
FNH:2
FNDA:12,SidebarNav
FNDA:65,className
DA:1,1
DA:2,1
DA:14,1
DA:15,1
DA:17,1
DA:18,1
DA:19,1
DA:20,1
DA:21,1
DA:22,1
DA:23,1
DA:24,1
DA:25,1
DA:26,1
DA:27,1
DA:28,1
DA:29,1
DA:30,1
DA:31,1
DA:32,1
DA:33,1
DA:34,1
DA:35,1
DA:36,1
DA:37,1
DA:38,1
DA:39,1
DA:41,1
DA:42,12
DA:44,12
DA:45,12
DA:46,12
DA:47,65
DA:48,65
DA:49,65
DA:50,65
DA:51,65
DA:52,65
DA:53,65
DA:54,65
DA:55,1
DA:56,64
DA:57,65
DA:60,65
DA:61,65
DA:62,65
DA:63,12
DA:64,12
DA:66,12
LF:49
LH:49
BRDA:41,0,0,12
BRDA:42,1,0,1
BRDA:46,2,0,65
BRDA:51,3,0,65
BRDA:54,4,0,1
BRDA:55,5,0,64
BRF:6
BRH:6
end_of_record
TN:
SF:src\components\layout\TopBar.jsx
FN:14,getInitials
FN:20,HeaderAvatar
FN:43,TopBar
FN:54,handleClick
FN:61,handleLogout
FN:67,handleRequestPasswordReset
FN:106,onClick
FNF:7
FNH:7
FNDA:25,getInitials
FNDA:32,HeaderAvatar
FNDA:32,TopBar
FNDA:15,handleClick
FNDA:1,handleLogout
FNDA:5,handleRequestPasswordReset
FNDA:8,onClick
DA:1,1
DA:2,1
DA:3,1
DA:4,1
DA:5,1
DA:6,1
DA:7,1
DA:8,1
DA:9,1
DA:10,1
DA:11,1
DA:12,1
DA:14,25
DA:15,25
DA:16,25
DA:17,25
DA:18,25
DA:20,32
DA:21,32
DA:23,32
DA:24,7
DA:25,7
DA:26,7
DA:27,7
DA:28,7
DA:29,7
DA:30,7
DA:31,7
DA:32,7
DA:34,7
DA:36,25
DA:37,25
DA:38,25
DA:39,25
DA:41,25
DA:43,1
DA:44,32
DA:45,32
DA:46,32
DA:47,32
DA:48,32
DA:49,32
DA:50,32
DA:51,32
DA:53,32
DA:54,7
DA:55,15
DA:56,15
DA:57,7
DA:58,7
DA:59,32
DA:61,32
DA:62,1
DA:63,1
DA:64,1
DA:65,1
DA:67,32
DA:68,5
DA:69,5
DA:70,5
DA:71,5
DA:72,5
DA:73,2
DA:74,5
DA:75,5
DA:76,5
DA:77,5
DA:78,5
DA:80,32
DA:81,32
DA:83,32
DA:84,32
DA:85,32
DA:86,32
DA:87,32
DA:89,32
DA:90,32
DA:91,32
DA:92,32
DA:94,32
DA:95,32
DA:96,32
DA:97,32
DA:99,32
DA:100,32
DA:101,32
DA:103,32
DA:104,32
DA:105,32
DA:106,32
DA:107,32
DA:109,32
DA:110,32
DA:111,32
DA:112,32
DA:113,32
DA:114,32
DA:115,32
DA:116,32
DA:117,32
DA:119,32
DA:120,32
DA:121,32
DA:122,32
DA:123,32
DA:125,32
DA:126,28
DA:127,28
DA:128,28
DA:129,28
DA:130,28
DA:132,28
DA:133,28
DA:134,28
DA:136,32
DA:137,32
DA:138,32
DA:139,32
DA:141,32
DA:143,32
DA:144,32
DA:145,32
DA:146,32
DA:147,32
DA:149,32
LF:125
LH:125
BRDA:14,0,0,25
BRDA:15,1,0,23
BRDA:15,2,0,21
BRDA:15,3,0,4
BRDA:16,4,0,23
BRDA:16,5,0,21
BRDA:16,6,0,4
BRDA:17,7,0,4
BRDA:20,8,0,32
BRDA:23,9,0,7
BRDA:34,10,0,25
BRDA:43,11,0,32
BRDA:80,12,0,30
BRDA:80,13,0,29
BRDA:80,14,0,27
BRDA:81,15,0,30
BRDA:86,16,0,30
BRDA:86,17,0,4
BRDA:86,18,0,30
BRDA:86,19,0,4
BRDA:109,20,0,11
BRDA:112,21,0,30
BRDA:112,22,0,30
BRDA:122,23,0,15
BRDA:122,24,0,17
BRDA:125,25,0,28
BRDA:133,26,0,5
BRDA:133,27,0,23
BRDA:53,28,0,7
BRDA:54,29,0,15
BRDA:55,30,0,1
BRDA:58,31,0,7
BRDA:61,32,0,1
BRDA:67,33,0,5
BRDA:70,34,0,3
BRDA:71,35,0,2
BRDA:71,36,0,1
BRDA:71,37,0,1
BRDA:72,38,0,2
BRDA:73,39,0,1
BRDA:73,40,0,1
BRDA:106,41,0,8
BRDA:106,42,0,8
BRF:43
BRH:43
end_of_record
TN:
SF:src\components\recruiter\candidates\CandidateStatusBadge.jsx
FN:7,CandidateStatusBadge
FNF:1
FNH:1
FNDA:7,CandidateStatusBadge
DA:1,1
DA:2,1
DA:7,1
DA:8,7
DA:9,6
DA:10,7
DA:11,7
DA:12,7
DA:14,7
LF:9
LH:9
BRDA:7,0,0,7
BRDA:8,1,0,1
BRDA:8,2,0,6
BRDA:10,3,0,1
BRDA:11,4,0,1
BRF:5
BRH:5
end_of_record
TN:
SF:src\components\recruiter\candidates\CandidateTable.jsx
FN:8,formatScore
FN:20,CandidateTable
FN:53,onChange
FN:78,onChange
FN:109,onClick
FN:122,onClick
FNF:6
FNH:6
FNDA:4,formatScore
FNDA:5,CandidateTable
FNDA:1,onChange
FNDA:1,onChange
FNDA:1,onClick
FNDA:1,onClick
DA:1,1
DA:2,1
DA:3,1
DA:4,1
DA:5,1
DA:6,1
DA:8,4
DA:9,4
DA:10,2
DA:11,2
DA:13,1
DA:14,1
DA:15,1
DA:16,1
DA:17,1
DA:18,1
DA:20,1
DA:21,5
DA:22,5
DA:23,5
DA:24,5
DA:25,5
DA:26,5
DA:27,5
DA:28,5
DA:29,5
DA:30,5
DA:31,1
DA:32,1
DA:34,5
DA:35,1
DA:36,1
DA:38,1
DA:40,1
DA:42,3
DA:44,5
DA:45,5
DA:46,5
DA:47,5
DA:48,5
DA:49,5
DA:50,5
DA:51,5
DA:52,5
DA:53,5
DA:54,5
DA:55,5
DA:56,5
DA:57,5
DA:58,5
DA:59,5
DA:60,5
DA:61,5
DA:62,5
DA:63,5
DA:64,5
DA:65,5
DA:66,5
DA:67,5
DA:68,4
DA:69,4
DA:70,4
DA:71,4
DA:72,4
DA:73,4
DA:74,4
DA:75,4
DA:76,4
DA:77,4
DA:78,4
DA:79,4
DA:80,4
DA:81,4
DA:82,4
DA:83,4
DA:84,4
DA:85,4
DA:86,4
DA:87,4
DA:88,4
DA:89,4
DA:90,2
DA:91,2
DA:92,1
DA:93,2
DA:95,2
DA:97,4
DA:98,4
DA:99,4
DA:100,4
DA:101,4
DA:102,4
DA:103,4
DA:104,2
DA:105,2
DA:106,2
DA:107,2
DA:108,2
DA:109,2
DA:111,2
DA:112,2
DA:113,2
DA:115,4
DA:116,4
DA:117,4
DA:118,4
DA:119,4
DA:120,4
DA:121,4
DA:122,4
DA:124,4
DA:125,4
DA:126,4
DA:127,4
DA:128,4
DA:129,4
DA:131,5
DA:132,5
DA:133,5
DA:134,5
DA:136,5
LF:121
LH:121
BRDA:8,0,0,4
BRDA:9,1,0,2
BRDA:20,2,0,5
BRDA:30,3,0,1
BRDA:32,4,0,4
BRDA:34,5,0,3
BRDA:34,6,0,1
BRDA:42,7,0,4
BRDA:53,8,0,1
BRDA:67,9,0,4
BRDA:69,10,0,1
BRDA:82,11,0,1
BRDA:83,12,0,1
BRDA:89,13,0,3
BRDA:89,14,0,2
BRDA:91,15,0,1
BRDA:93,16,0,2
BRDA:99,17,0,1
BRDA:99,18,0,3
BRDA:103,19,0,2
BRDA:108,20,0,1
BRDA:121,21,0,1
BRDA:125,22,0,1
BRDA:125,23,0,3
BRDA:78,24,0,1
BRDA:109,25,0,1
BRDA:122,26,0,1
BRF:27
BRH:27
end_of_record
TN:
SF:src\components\recruiter\candidates\FileUploadZone.jsx
FN:11,FileUploadZone
FN:15,handleFiles
FN:31,onDragOver
FN:32,onDragLeave
FN:33,onDrop
FN:47,onChange
FN:55,onClick
FNF:7
FNH:6
FNDA:8,FileUploadZone
FNDA:3,handleFiles
FNDA:2,onDragOver
FNDA:1,onDragLeave
FNDA:2,onDrop
FNDA:1,onChange
FNDA:0,onClick
DA:1,1
DA:2,1
DA:3,1
DA:4,1
DA:6,1
DA:7,1
DA:8,1
DA:9,1
DA:11,1
DA:12,8
DA:13,8
DA:15,8
DA:16,3
DA:17,3
DA:18,3
DA:20,8
DA:21,1
DA:22,7
DA:24,8
DA:25,8
DA:26,8
DA:27,8
DA:28,8
DA:29,8
DA:30,8
DA:31,8
DA:32,8
DA:33,8
DA:34,2
DA:35,2
DA:36,2
DA:37,2
DA:39,8
DA:40,8
DA:41,8
DA:42,8
DA:43,8
DA:44,8
DA:45,8
DA:46,8
DA:47,8
DA:48,8
DA:49,8
DA:50,8
DA:51,8
DA:52,8
DA:53,8
DA:54,8
DA:55,8
DA:57,8
DA:58,8
DA:59,8
DA:61,8
LF:53
LH:53
BRDA:11,0,0,8
BRDA:20,1,0,1
BRDA:21,2,0,7
BRDA:28,3,0,1
BRDA:28,4,0,7
BRDA:29,5,0,1
BRDA:54,6,0,7
BRDA:57,7,0,1
BRDA:57,8,0,7
BRDA:15,9,0,3
BRDA:17,10,0,2
BRDA:17,11,0,2
BRDA:31,12,0,2
BRDA:32,13,0,1
BRDA:33,14,0,2
BRDA:47,15,0,1
BRF:16
BRH:16
end_of_record
TN:
SF:src\components\recruiter\candidates\InterviewScorecardDrawer.jsx
FN:21,formatScore
FN:28,formatDateTime
FN:40,formatDuration
FN:50,toList
FN:56,buildTimeline
FN:106,ScoreBar
FN:128,InterviewScorecardDrawer
FN:139,close
FN:145,load
FN:174,onKeyDown
FN:219,onClick
FNF:11
FNH:11
FNDA:16,formatScore
FNDA:9,formatDateTime
FNDA:4,formatDuration
FNDA:48,toList
FNDA:24,buildTimeline
FNDA:15,ScoreBar
FNDA:25,InterviewScorecardDrawer
FNDA:2,close
FNDA:8,load
FNDA:1,onKeyDown
FNDA:1,onClick
DA:1,1
DA:2,1
DA:3,1
DA:4,1
DA:5,1
DA:6,1
DA:7,1
DA:8,1
DA:13,1
DA:14,1
DA:15,1
DA:16,1
DA:17,1
DA:18,1
DA:19,1
DA:21,16
DA:22,16
DA:23,9
DA:24,16
DA:25,8
DA:26,8
DA:28,9
DA:29,9
DA:30,9
DA:31,9
DA:32,9
DA:33,9
DA:34,9
DA:35,9
DA:36,9
DA:37,9
DA:38,9
DA:40,4
DA:41,4
DA:42,3
DA:43,4
DA:44,3
DA:45,3
DA:46,4
DA:47,2
DA:48,2
DA:50,48
DA:51,48
DA:52,48
DA:53,44
DA:54,44
DA:56,24
DA:57,24
DA:58,24
DA:59,4
DA:60,4
DA:62,4
DA:63,1
DA:64,1
DA:65,1
DA:66,1
DA:67,1
DA:68,1
DA:69,1
DA:71,4
DA:72,4
DA:73,4
DA:74,4
DA:75,4
DA:76,4
DA:77,4
DA:78,4
DA:80,4
DA:81,4
DA:82,1
DA:83,1
DA:84,1
DA:85,1
DA:86,1
DA:87,1
DA:88,1
DA:90,4
DA:91,2
DA:92,2
DA:93,2
DA:94,2
DA:95,2
DA:96,2
DA:97,1
DA:98,0
DA:99,2
DA:100,2
DA:101,4
DA:103,24
DA:104,24
DA:106,15
DA:107,15
DA:108,15
DA:109,15
DA:110,15
DA:111,15
DA:112,15
DA:113,15
DA:114,15
DA:115,15
DA:116,15
DA:117,15
DA:118,15
DA:119,15
DA:120,15
DA:121,15
DA:123,15
DA:128,1
DA:129,25
DA:130,25
DA:131,25
DA:132,25
DA:133,25
DA:134,25
DA:135,25
DA:136,25
DA:137,25
DA:139,25
DA:141,25
DA:142,9
DA:144,8
DA:145,8
DA:146,8
DA:147,8
DA:148,8
DA:149,8
DA:150,8
DA:151,8
DA:152,7
DA:153,8
DA:154,8
DA:155,8
DA:156,1
DA:157,1
DA:158,1
DA:159,1
DA:160,1
DA:161,8
DA:162,8
DA:163,8
DA:164,8
DA:166,8
DA:167,8
DA:168,8
DA:169,8
DA:170,25
DA:172,25
DA:173,9
DA:174,8
DA:175,1
DA:176,1
DA:177,8
DA:178,8
DA:179,8
DA:180,8
DA:181,8
DA:182,8
DA:183,8
DA:184,25
DA:186,25
DA:188,25
DA:189,20
DA:190,20
DA:191,25
DA:192,25
DA:193,25
DA:194,25
DA:195,25
DA:196,25
DA:197,23
DA:198,23
DA:199,22
DA:200,25
DA:201,25
DA:202,25
DA:203,25
DA:205,25
DA:206,25
DA:207,25
DA:208,25
DA:209,25
DA:210,25
DA:211,25
DA:212,25
DA:214,25
DA:215,25
DA:216,25
DA:217,25
DA:218,25
DA:219,25
DA:221,25
DA:222,25
DA:223,25
DA:225,25
DA:226,25
DA:227,25
DA:228,25
DA:229,25
DA:230,25
DA:231,25
DA:232,25
DA:233,25
DA:234,25
DA:236,25
DA:237,25
DA:238,25
DA:240,25
DA:241,25
DA:242,8
DA:245,25
DA:246,11
DA:248,11
DA:251,25
DA:252,5
DA:254,5
DA:255,5
DA:256,5
DA:257,4
DA:258,4
DA:259,4
DA:260,4
DA:261,4
DA:262,4
DA:263,2
DA:264,4
DA:265,4
DA:266,1
DA:267,1
DA:268,1
DA:270,4
DA:272,1
DA:274,5
DA:277,5
DA:278,3
DA:279,3
DA:280,3
DA:281,3
DA:282,15
DA:283,3
DA:284,3
DA:285,3
DA:286,3
DA:287,3
DA:288,3
DA:289,3
DA:290,3
DA:291,3
DA:292,3
DA:293,3
DA:294,3
DA:295,3
DA:296,3
DA:297,3
DA:298,3
DA:299,3
DA:300,3
DA:301,3
DA:302,3
DA:303,3
DA:304,3
DA:305,3
DA:309,5
DA:310,2
DA:311,2
DA:312,2
DA:313,2
DA:314,2
DA:315,2
DA:319,5
DA:320,5
DA:321,5
DA:322,5
DA:323,2
DA:324,2
DA:325,2
DA:326,2
DA:327,2
DA:328,2
DA:329,2
DA:330,2
DA:332,3
DA:334,5
DA:335,5
DA:336,5
DA:337,5
DA:338,1
DA:339,1
DA:340,1
DA:341,1
DA:342,1
DA:343,1
DA:344,1
DA:345,1
DA:347,4
DA:349,5
DA:350,5
DA:353,5
DA:354,1
DA:355,1
DA:356,1
DA:357,1
DA:358,1
DA:359,1
DA:360,1
DA:362,1
DA:364,1
DA:365,1
DA:366,1
DA:370,5
DA:371,5
DA:372,5
DA:373,1
DA:374,1
DA:375,1
DA:377,4
DA:379,5
DA:382,5
DA:383,5
DA:384,5
DA:385,4
DA:386,4
DA:387,8
DA:388,8
DA:389,8
DA:390,8
DA:391,8
DA:392,8
DA:393,8
DA:394,8
DA:395,4
DA:396,4
DA:398,1
DA:400,5
DA:401,5
DA:403,25
DA:405,25
DA:406,25
DA:408,25
DA:409,25
DA:410,25
DA:411,25
DA:412,25
DA:413,25
DA:414,25
LF:344
LH:343
BRDA:21,0,0,16
BRDA:22,1,0,10
BRDA:22,2,0,7
BRDA:22,3,0,9
BRDA:24,4,0,1
BRDA:24,5,0,8
BRDA:28,6,0,9
BRDA:29,7,0,0
BRDA:36,8,0,1
BRDA:36,9,0,8
BRDA:40,10,0,4
BRDA:41,11,0,1
BRDA:41,12,0,3
BRDA:43,13,0,0
BRDA:43,14,0,3
BRDA:46,15,0,1
BRDA:46,16,0,2
BRDA:50,17,0,48
BRDA:51,18,0,3
BRDA:51,19,0,45
BRDA:52,20,0,1
BRDA:52,21,0,1
BRDA:52,22,0,44
BRDA:56,23,0,24
BRDA:58,24,0,0
BRDA:58,25,0,4
BRDA:60,26,0,1
BRDA:62,27,0,1
BRDA:62,28,0,1
BRDA:76,29,0,3
BRDA:76,30,0,3
BRDA:80,31,0,1
BRDA:80,32,0,3
BRDA:80,33,0,3
BRDA:81,34,0,1
BRDA:85,35,0,0
BRDA:90,36,0,3
BRDA:90,37,0,2
BRDA:96,38,0,1
BRDA:97,39,0,0
BRDA:103,40,0,4
BRDA:106,41,0,15
BRDA:108,42,0,6
BRDA:108,43,0,9
BRDA:128,44,0,25
BRDA:186,45,0,24
BRDA:186,46,0,1
BRDA:186,47,0,24
BRDA:188,48,0,5
BRDA:188,49,0,20
BRDA:189,50,0,20
BRDA:191,51,0,4
BRDA:191,52,0,21
BRDA:192,53,0,5
BRDA:192,54,0,20
BRDA:193,55,0,3
BRDA:193,56,0,21
BRDA:193,57,0,20
BRDA:194,58,0,3
BRDA:194,59,0,23
BRDA:195,60,0,3
BRDA:195,61,0,23
BRDA:196,62,0,3
BRDA:196,63,0,1
BRDA:196,64,0,23
BRDA:197,65,0,23
BRDA:198,66,0,3
BRDA:198,67,0,22
BRDA:200,68,0,4
BRDA:200,69,0,23
BRDA:201,70,0,4
BRDA:201,71,0,23
BRDA:202,72,0,23
BRDA:203,73,0,2
BRDA:203,74,0,22
BRDA:203,75,0,2
BRDA:203,76,0,20
BRDA:227,77,0,18
BRDA:241,78,0,8
BRDA:245,79,0,16
BRDA:245,80,0,12
BRDA:245,81,0,11
BRDA:251,82,0,16
BRDA:251,83,0,12
BRDA:251,84,0,5
BRDA:256,85,0,4
BRDA:258,86,0,2
BRDA:259,87,0,2
BRDA:262,88,0,2
BRDA:265,89,0,1
BRDA:270,90,0,1
BRDA:277,91,0,3
BRDA:295,92,0,2
BRDA:301,93,0,2
BRDA:309,94,0,2
BRDA:322,95,0,2
BRDA:330,96,0,3
BRDA:337,97,0,1
BRDA:345,98,0,4
BRDA:353,99,0,1
BRDA:372,100,0,1
BRDA:375,101,0,4
BRDA:384,102,0,4
BRDA:396,103,0,1
BRDA:139,104,0,2
BRDA:141,105,0,9
BRDA:142,106,0,8
BRDA:142,107,0,1
BRDA:142,108,0,8
BRDA:145,109,0,8
BRDA:151,110,0,7
BRDA:152,111,0,0
BRDA:152,112,0,7
BRDA:153,113,0,2
BRDA:154,114,0,7
BRDA:154,115,0,0
BRDA:155,116,0,1
BRDA:157,117,0,0
BRDA:167,118,0,8
BRDA:172,119,0,9
BRDA:173,120,0,1
BRDA:173,121,0,8
BRDA:174,122,0,1
BRDA:180,123,0,8
BRDA:219,124,0,1
BRDA:281,125,0,15
BRDA:324,126,0,2
BRDA:339,127,0,1
BRDA:386,128,0,8
BRDA:392,129,0,0
BRF:130
BRH:121
end_of_record
TN:
SF:src\components\recruiter\candidates\ResumeProcessingBanner.jsx
FN:8,ResumeProcessingBanner
FNF:1
FNH:1
FNDA:4,ResumeProcessingBanner
DA:1,1
DA:2,1
DA:8,1
DA:9,4
DA:11,3
DA:12,3
DA:13,3
DA:14,3
DA:15,3
DA:16,3
DA:17,3
DA:18,3
DA:19,3
DA:20,3
DA:22,3
DA:23,3
DA:24,4
DA:25,4
DA:27,4
DA:28,4
DA:29,4
DA:30,4
DA:31,4
DA:32,4
DA:33,4
DA:34,4
DA:35,4
DA:36,4
DA:38,4
DA:39,4
DA:40,4
DA:41,4
DA:42,4
DA:43,4
DA:44,4
DA:45,4
DA:46,1
DA:47,1
DA:48,1
DA:50,4
DA:52,4
DA:53,3
DA:54,3
DA:55,3
DA:56,3
DA:57,3
DA:58,3
DA:59,3
DA:60,3
DA:61,3
DA:64,4
DA:66,4
DA:67,4
DA:68,4
DA:69,4
DA:70,4
DA:71,4
DA:73,4
LF:58
LH:58
BRDA:8,0,0,4
BRDA:9,1,0,1
BRDA:9,2,0,3
BRDA:24,3,0,2
BRDA:24,4,0,1
BRDA:25,5,0,2
BRDA:25,6,0,2
BRDA:25,7,0,1
BRDA:31,8,0,1
BRDA:32,9,0,1
BRDA:33,10,0,1
BRDA:40,11,0,1
BRDA:41,12,0,1
BRDA:42,13,0,1
BRDA:43,14,0,1
BRDA:45,15,0,1
BRDA:52,16,0,3
BRDA:57,17,0,1
BRDA:57,18,0,2
BRDA:57,19,0,1
BRDA:57,20,0,1
BRDA:59,21,0,1
BRDA:59,22,0,2
BRDA:66,23,0,1
BRDA:66,24,0,2
BRDA:67,25,0,2
BRDA:67,26,0,1
BRDA:68,27,0,1
BRDA:68,28,0,2
BRDA:69,29,0,1
BRDA:69,30,0,2
BRF:31
BRH:31
end_of_record
TN:
SF:src\components\recruiter\candidates\SelectCandidatesBar.jsx
FN:3,SelectCandidatesBar
FNF:1
FNH:1
FNDA:3,SelectCandidatesBar
DA:1,1
DA:3,1
DA:4,3
DA:6,2
DA:7,2
DA:8,2
DA:9,3
DA:10,3
DA:11,3
DA:12,3
DA:13,3
DA:14,3
DA:16,3
LF:13
LH:13
BRDA:3,0,0,3
BRDA:4,1,0,1
BRDA:4,2,0,2
BRDA:9,3,0,1
BRDA:9,4,0,1
BRDA:12,5,0,1
BRDA:12,6,0,1
BRF:7
BRH:7
end_of_record
TN:
SF:src\components\recruiter\dashboard\RecruiterOverview.jsx
FN:21,RecruiterOverview
FNF:1
FNH:1
FNDA:8,RecruiterOverview
DA:1,1
DA:2,1
DA:3,1
DA:4,1
DA:5,1
DA:6,1
DA:7,1
DA:8,1
DA:10,1
DA:11,1
DA:12,1
DA:13,1
DA:14,1
DA:15,1
DA:16,1
DA:17,1
DA:18,1
DA:19,1
DA:21,1
DA:22,8
DA:23,8
DA:24,8
DA:26,8
DA:27,8
DA:28,8
DA:29,8
DA:31,8
DA:32,6
DA:33,6
DA:35,2
DA:36,2
DA:37,2
DA:38,2
DA:39,8
DA:40,8
DA:41,8
DA:42,8
DA:43,8
DA:44,8
DA:45,8
DA:46,8
DA:47,8
DA:48,8
DA:49,8
DA:50,8
DA:52,8
DA:53,8
DA:54,16
DA:55,16
DA:56,16
DA:57,16
DA:58,16
DA:59,16
DA:60,16
DA:61,16
DA:62,8
DA:63,8
DA:64,8
DA:66,8
LF:59
LH:59
BRDA:21,0,0,8
BRDA:31,1,0,6
BRDA:33,2,0,2
BRDA:27,3,0,2
BRDA:53,4,0,16
BRDA:57,5,0,8
BRDA:57,6,0,8
BRDA:57,7,0,12
BRF:8
BRH:8
end_of_record
TN:
SF:src\components\recruiter\jobs\JobDetailHeader.jsx
FN:6,JobDetailHeader
FNF:1
FNH:1
FNDA:4,JobDetailHeader
DA:1,1
DA:2,1
DA:3,1
DA:4,1
DA:6,1
DA:7,4
DA:9,3
DA:10,3
DA:11,3
DA:12,3
DA:13,3
DA:14,4
DA:15,4
DA:16,4
DA:17,4
DA:18,4
DA:19,4
DA:20,4
DA:21,4
DA:22,4
DA:23,4
DA:24,4
DA:25,4
DA:37,4
DA:38,2
DA:39,2
DA:40,2
DA:41,2
DA:42,2
DA:44,2
DA:45,2
DA:47,1
DA:48,1
DA:49,1
DA:50,1
DA:51,1
DA:53,1
DA:54,1
DA:57,4
DA:58,4
DA:60,4
LF:41
LH:41
BRDA:6,0,0,4
BRDA:7,1,0,1
BRDA:7,2,0,3
BRDA:14,3,0,2
BRDA:14,4,0,1
BRDA:15,5,0,2
BRDA:15,6,0,1
BRDA:19,7,0,1
BRDA:37,8,0,2
BRDA:44,9,0,1
BRDA:44,10,0,1
BRDA:45,11,0,1
BRDA:53,12,0,0
BRF:13
BRH:12
end_of_record
TN:
SF:src\components\recruiter\jobs\JobForm.jsx
FN:22,toForm
FN:45,JobForm
FN:48,set
FN:50,handleSubmit
FN:114,onChange
FN:143,onChange
FN:158,onChange
FNF:7
FNH:7
FNDA:4,toForm
FNDA:42,JobForm
FNDA:294,set
FNDA:3,handleSubmit
FNDA:1,onChange
FNDA:1,onChange
FNDA:1,onChange
DA:1,1
DA:2,1
DA:3,1
DA:4,1
DA:5,1
DA:6,1
DA:7,1
DA:9,1
DA:10,1
DA:11,1
DA:12,1
DA:13,1
DA:14,1
DA:15,1
DA:16,1
DA:17,1
DA:18,1
DA:19,1
DA:20,1
DA:22,4
DA:23,4
DA:24,2
DA:25,3
DA:26,4
DA:27,4
DA:28,4
DA:29,4
DA:30,4
DA:31,4
DA:32,4
DA:33,4
DA:34,4
DA:35,4
DA:36,4
DA:45,1
DA:46,42
DA:48,42
DA:50,42
DA:51,3
DA:52,3
DA:53,3
DA:54,3
DA:55,3
DA:56,3
DA:57,3
DA:58,3
DA:59,3
DA:61,3
DA:63,3
DA:64,3
DA:65,3
DA:66,3
DA:68,42
DA:69,42
DA:70,42
DA:71,42
DA:72,42
DA:73,42
DA:74,42
DA:75,42
DA:76,42
DA:77,42
DA:78,42
DA:79,42
DA:80,42
DA:81,42
DA:82,42
DA:83,42
DA:84,42
DA:85,42
DA:86,42
DA:87,42
DA:88,42
DA:89,42
DA:90,42
DA:91,42
DA:92,42
DA:93,42
DA:94,42
DA:95,42
DA:96,42
DA:97,42
DA:98,42
DA:99,42
DA:100,42
DA:101,42
DA:102,42
DA:103,42
DA:109,42
DA:110,42
DA:112,42
DA:113,42
DA:114,42
DA:115,1
DA:116,1
DA:117,1
DA:118,1
DA:120,42
DA:121,42
DA:122,42
DA:124,42
DA:125,42
DA:126,42
DA:127,42
DA:128,210
DA:129,42
DA:130,42
DA:131,42
DA:138,42
DA:139,42
DA:141,42
DA:142,42
DA:143,42
DA:144,1
DA:145,1
DA:146,1
DA:147,1
DA:149,42
DA:150,42
DA:151,42
DA:153,42
DA:154,42
DA:156,42
DA:157,42
DA:158,42
DA:159,1
DA:160,1
DA:161,1
DA:162,1
DA:164,42
DA:165,42
DA:166,42
DA:168,42
DA:169,42
DA:170,42
DA:171,39
DA:173,42
DA:174,42
DA:176,42
LF:139
LH:139
BRDA:22,0,0,4
BRDA:23,1,0,3
BRDA:23,2,0,2
BRDA:25,3,0,1
BRDA:26,4,0,1
BRDA:27,5,0,1
BRDA:28,6,0,1
BRDA:29,7,0,1
BRDA:30,8,0,1
BRDA:31,9,0,1
BRDA:32,10,0,1
BRDA:33,11,0,2
BRDA:33,12,0,1
BRDA:34,13,0,2
BRDA:34,14,0,1
BRDA:45,15,0,42
BRDA:169,16,0,1
BRDA:169,17,0,41
BRDA:170,18,0,39
BRDA:46,19,0,4
BRDA:48,20,0,294
BRDA:48,21,0,34
BRDA:48,22,0,34
BRDA:50,23,0,3
BRDA:57,24,0,2
BRDA:57,25,0,1
BRDA:58,26,0,2
BRDA:58,27,0,1
BRDA:114,28,0,1
BRDA:115,29,0,1
BRDA:127,30,0,210
BRDA:143,31,0,1
BRDA:144,32,0,1
BRDA:158,33,0,1
BRDA:159,34,0,1
BRF:35
BRH:35
end_of_record
TN:
SF:src\components\recruiter\jobs\JobTable.jsx
FN:6,JobTable
FNF:1
FNH:1
FNDA:7,JobTable
DA:1,1
DA:2,1
DA:3,1
DA:4,1
DA:6,1
DA:7,7
DA:8,1
DA:9,1
DA:11,7
DA:12,1
DA:13,1
DA:14,1
DA:15,1
DA:16,1
DA:17,1
DA:18,1
DA:20,1
DA:22,5
DA:23,5
DA:24,5
DA:25,5
DA:26,5
DA:27,5
DA:28,5
DA:29,5
DA:30,5
DA:31,5
DA:32,5
DA:33,5
DA:34,5
DA:35,5
DA:36,6
DA:37,6
DA:38,6
DA:39,6
DA:40,6
DA:41,6
DA:42,6
DA:43,6
DA:44,6
DA:45,6
DA:46,6
DA:47,6
DA:48,6
DA:49,6
DA:50,6
DA:51,6
DA:52,6
DA:53,6
DA:54,6
DA:55,6
DA:56,6
DA:57,6
DA:58,5
DA:59,5
DA:60,5
DA:61,5
DA:63,5
LF:58
LH:58
BRDA:6,0,0,7
BRDA:7,1,0,1
BRDA:9,2,0,6
BRDA:11,3,0,5
BRDA:11,4,0,1
BRDA:35,5,0,6
BRDA:40,6,0,5
BRDA:43,7,0,1
BRDA:43,8,0,5
BRDA:44,9,0,1
BRDA:44,10,0,5
BRF:11
BRH:11
end_of_record
TN:
SF:src\components\super-admin\AdminInviteFields.jsx
FN:4,AdminInviteFields
FNF:1
FNH:1
FNDA:86,AdminInviteFields
DA:1,1
DA:2,1
DA:4,1
DA:5,86
DA:6,86
DA:7,86
DA:8,86
DA:9,86
DA:10,86
DA:11,86
DA:12,86
DA:13,86
DA:14,86
DA:15,86
DA:16,86
DA:17,86
DA:18,86
DA:19,86
DA:20,86
DA:21,86
DA:22,86
DA:23,86
DA:24,86
DA:25,86
DA:26,86
DA:27,86
DA:28,86
DA:29,86
DA:30,86
DA:31,86
DA:32,86
DA:33,86
DA:34,86
DA:35,86
DA:36,86
DA:37,86
DA:38,86
DA:40,86
LF:38
LH:38
BRDA:4,0,0,86
BRF:1
BRH:1
end_of_record
TN:
SF:src\components\super-admin\CreateOrgForm.jsx
FN:20,CreateOrgForm
FN:26,onChange
FN:28,handleSubmit
FNF:3
FNH:3
FNDA:85,CreateOrgForm
FNDA:510,onChange
FNDA:2,handleSubmit
DA:1,1
DA:2,1
DA:3,1
DA:4,1
DA:5,1
DA:6,1
DA:7,1
DA:8,1
DA:9,1
DA:11,1
DA:12,1
DA:13,1
DA:14,1
DA:15,1
DA:16,1
DA:17,1
DA:18,1
DA:20,1
DA:21,85
DA:22,85
DA:23,85
DA:24,85
DA:26,85
DA:28,85
DA:29,2
DA:30,2
DA:31,2
DA:32,1
DA:33,1
DA:34,1
DA:35,1
DA:36,1
DA:37,1
DA:38,2
DA:40,85
DA:41,85
DA:42,85
DA:43,85
DA:44,85
DA:46,85
DA:47,85
DA:48,85
DA:49,85
DA:50,85
DA:51,85
DA:52,85
DA:53,85
DA:54,85
DA:55,85
DA:56,85
DA:57,85
DA:58,85
DA:59,85
DA:60,85
DA:61,85
DA:62,85
DA:64,85
LF:57
LH:57
BRDA:20,0,0,85
BRDA:58,1,0,3
BRDA:58,2,0,82
BRDA:26,3,0,510
BRDA:26,4,0,68
BRDA:26,5,0,68
BRDA:28,6,0,2
BRDA:31,7,0,1
BRDA:36,8,0,0
BRF:9
BRH:8
end_of_record
TN:
SF:src\components\super-admin\ListToolbar.jsx
FN:5,ListToolbar
FN:21,onChange
FN:27,onChange
FN:32,onChange
FNF:4
FNH:4
FNDA:33,ListToolbar
FNDA:19,onChange
FNDA:2,onChange
FNDA:2,onChange
DA:1,1
DA:2,1
DA:3,1
DA:5,1
DA:6,33
DA:7,33
DA:8,33
DA:9,33
DA:10,33
DA:11,33
DA:12,33
DA:13,33
DA:14,33
DA:15,33
DA:16,33
DA:17,33
DA:18,33
DA:19,33
DA:20,33
DA:21,33
DA:22,33
DA:23,33
DA:24,33
DA:25,33
DA:26,33
DA:27,33
DA:28,33
DA:29,74
DA:30,33
DA:31,33
DA:32,33
DA:33,33
DA:34,33
DA:35,33
DA:36,33
DA:37,33
DA:39,33
LF:37
LH:37
BRDA:5,0,0,33
BRDA:21,1,0,19
BRDA:27,2,0,2
BRDA:28,3,0,74
BRDA:32,4,0,2
BRF:5
BRH:5
end_of_record
TN:
SF:src\components\super-admin\ManageOrgPanel.jsx
FN:19,ManageOrgPanel
FN:55,onChange
FN:60,handleSave
FN:70,handleDelete
FN:81,handleSendAdminReset
FN:144,onClick
FNF:6
FNH:6
FNDA:44,ManageOrgPanel
FNDA:96,onChange
FNDA:2,handleSave
FNDA:2,handleDelete
FNDA:3,handleSendAdminReset
FNDA:2,onClick
DA:1,1
DA:2,1
DA:3,1
DA:4,1
DA:5,1
DA:6,1
DA:7,1
DA:8,1
DA:9,1
DA:10,1
DA:11,1
DA:19,1
DA:20,44
DA:21,44
DA:22,44
DA:23,44
DA:24,44
DA:26,44
DA:27,6
DA:28,44
DA:30,44
DA:31,9
DA:32,4
DA:33,4
DA:34,4
DA:35,4
DA:36,4
DA:37,4
DA:38,4
DA:39,44
DA:41,44
DA:42,2
DA:43,2
DA:44,2
DA:46,2
DA:47,2
DA:49,2
DA:51,44
DA:52,10
DA:53,10
DA:55,32
DA:56,12
DA:57,12
DA:58,12
DA:60,32
DA:61,2
DA:62,2
DA:63,2
DA:64,1
DA:65,1
DA:66,1
DA:67,1
DA:68,2
DA:70,32
DA:71,2
DA:72,2
DA:73,2
DA:74,1
DA:75,1
DA:76,1
DA:77,1
DA:78,1
DA:79,2
DA:81,32
DA:82,3
DA:83,3
DA:84,2
DA:85,2
DA:86,1
DA:87,1
DA:88,2
DA:89,3
DA:90,1
DA:91,1
DA:92,3
DA:94,32
DA:95,32
DA:96,32
DA:97,32
DA:98,32
DA:99,32
DA:100,32
DA:101,32
DA:102,32
DA:103,32
DA:105,32
DA:106,32
DA:107,32
DA:108,32
DA:109,32
DA:110,32
DA:111,32
DA:112,32
DA:113,32
DA:114,32
DA:115,32
DA:116,32
DA:117,32
DA:118,32
DA:119,32
DA:120,32
DA:121,32
DA:122,32
DA:123,32
DA:124,32
DA:125,32
DA:126,32
DA:127,32
DA:128,32
DA:129,32
DA:130,32
DA:131,32
DA:132,32
DA:133,32
DA:134,32
DA:135,44
DA:136,44
DA:137,44
DA:138,44
DA:139,44
DA:140,44
DA:142,44
DA:143,44
DA:144,44
DA:146,44
DA:147,44
DA:148,44
DA:150,44
DA:151,44
DA:152,44
DA:154,44
DA:155,44
DA:156,44
DA:157,44
DA:158,44
DA:159,44
DA:160,44
DA:161,44
DA:162,44
DA:163,44
DA:164,44
DA:166,44
LF:142
LH:142
BRDA:19,0,0,44
BRDA:41,1,0,2
BRDA:49,2,0,42
BRDA:51,3,0,38
BRDA:51,4,0,33
BRDA:51,5,0,10
BRDA:53,6,0,32
BRDA:135,7,0,3
BRDA:135,8,0,29
BRDA:142,9,0,4
BRDA:142,10,0,28
BRDA:26,11,0,6
BRDA:27,12,0,4
BRDA:30,13,0,9
BRDA:31,14,0,4
BRDA:33,15,0,0
BRDA:34,16,0,1
BRDA:35,17,0,1
BRDA:36,18,0,1
BRDA:55,19,0,96
BRDA:55,20,0,12
BRDA:56,21,0,1
BRDA:56,22,0,11
BRDA:57,23,0,12
BRDA:60,24,0,2
BRDA:63,25,0,1
BRDA:66,26,0,0
BRDA:70,27,0,2
BRDA:73,28,0,1
BRDA:77,29,0,0
BRDA:81,30,0,3
BRDA:83,31,0,2
BRDA:85,32,0,1
BRDA:86,33,0,1
BRDA:89,34,0,1
BRDA:90,35,0,0
BRDA:117,36,0,32
BRDA:144,37,0,2
BRF:38
BRH:34
end_of_record
TN:
SF:src\components\super-admin\OrgDetailsFields.jsx
FN:5,OrgDetailsFields
FNF:1
FNH:1
FNDA:87,OrgDetailsFields
DA:1,1
DA:2,1
DA:3,1
DA:5,1
DA:6,87
DA:7,87
DA:8,87
DA:9,87
DA:10,87
DA:11,87
DA:12,87
DA:13,87
DA:14,87
DA:15,87
DA:16,87
DA:17,87
DA:18,87
DA:19,87
DA:20,87
DA:21,87
DA:22,87
DA:23,87
DA:24,87
DA:25,87
DA:26,87
DA:28,87
DA:29,87
DA:30,86
DA:31,86
DA:32,86
DA:33,87
DA:34,87
DA:35,87
DA:36,87
DA:37,87
DA:38,87
DA:39,87
DA:40,87
DA:41,87
DA:42,87
DA:43,87
DA:44,87
DA:45,87
DA:46,87
DA:47,87
DA:49,87
LF:46
LH:46
BRDA:5,0,0,87
BRDA:29,1,0,86
BRF:2
BRH:2
end_of_record
TN:
SF:src\components\super-admin\OrgListTable.jsx
FN:4,formatDate
FN:9,OrgListTable
FN:37,onClick
FNF:3
FNH:3
FNDA:21,formatDate
FNDA:25,OrgListTable
FNDA:2,onClick
DA:1,1
DA:2,1
DA:4,21
DA:5,21
DA:6,20
DA:7,20
DA:9,1
DA:10,25
DA:11,25
DA:12,25
DA:13,25
DA:14,25
DA:15,25
DA:16,25
DA:17,25
DA:18,1
DA:19,24
DA:20,4
DA:22,20
DA:23,20
DA:24,20
DA:25,20
DA:26,20
DA:27,20
DA:28,20
DA:29,20
DA:30,20
DA:31,20
DA:32,20
DA:33,20
DA:34,21
DA:35,21
DA:36,21
DA:37,21
DA:39,21
DA:40,21
DA:41,21
DA:42,21
DA:43,21
DA:44,21
DA:45,21
DA:46,21
DA:47,21
DA:48,21
DA:49,21
DA:50,21
DA:51,21
DA:52,21
DA:53,20
DA:54,20
DA:55,20
DA:57,25
DA:58,25
DA:60,25
LF:54
LH:54
BRDA:4,0,0,21
BRDA:5,1,0,20
BRDA:5,2,0,1
BRDA:9,3,0,25
BRDA:17,4,0,4
BRDA:17,5,0,1
BRDA:18,6,0,24
BRDA:19,7,0,4
BRDA:20,8,0,20
BRDA:33,9,0,21
BRDA:41,10,0,1
BRDA:41,11,0,20
BRDA:44,12,0,1
BRDA:44,13,0,20
BRDA:47,14,0,1
BRDA:47,15,0,20
BRDA:48,16,0,1
BRDA:48,17,0,20
BRDA:37,18,0,2
BRF:19
BRH:19
end_of_record
TN:
SF:src\components\super-admin\PaginationBar.jsx
FN:3,PaginationBar
FN:18,onClick
FN:26,onClick
FNF:3
FNH:3
FNDA:123,PaginationBar
FNDA:1,onClick
FNDA:1,onClick
DA:1,1
DA:3,1
DA:4,123
DA:6,2
DA:8,2
DA:9,2
DA:10,2
DA:11,2
DA:12,2
DA:13,2
DA:14,2
DA:15,2
DA:16,2
DA:17,2
DA:18,2
DA:19,2
DA:21,2
DA:22,2
DA:23,2
DA:24,2
DA:25,2
DA:26,2
DA:27,2
DA:29,2
DA:30,2
DA:31,2
DA:33,2
LF:27
LH:27
BRDA:3,0,0,123
BRDA:4,1,0,116
BRDA:4,2,0,121
BRDA:4,3,0,2
BRDA:18,4,0,1
BRDA:26,5,0,1
BRF:6
BRH:6
end_of_record
TN:
SF:src\components\super-admin\RegistrationTable.jsx
FN:8,formatDate
FN:13,RegistrationTable
FN:17,handleResend
FN:67,onClick
FNF:4
FNH:4
FNDA:19,formatDate
FNDA:17,RegistrationTable
FNDA:2,handleResend
FNDA:2,onClick
DA:1,1
DA:2,1
DA:3,1
DA:4,1
DA:5,1
DA:6,1
DA:8,19
DA:9,19
DA:10,6
DA:11,6
DA:13,1
DA:14,17
DA:15,17
DA:17,17
DA:18,2
DA:19,2
DA:20,1
DA:21,1
DA:22,1
DA:23,1
DA:24,2
DA:26,17
DA:27,17
DA:28,17
DA:29,17
DA:30,17
DA:31,17
DA:32,17
DA:33,17
DA:34,1
DA:35,16
DA:36,2
DA:38,14
DA:39,14
DA:40,14
DA:41,14
DA:42,14
DA:43,14
DA:44,14
DA:45,14
DA:46,14
DA:47,14
DA:48,14
DA:49,14
DA:50,19
DA:51,19
DA:52,19
DA:53,19
DA:54,19
DA:55,19
DA:56,19
DA:57,19
DA:58,19
DA:59,19
DA:60,19
DA:61,19
DA:62,19
DA:63,19
DA:64,19
DA:65,19
DA:66,19
DA:67,19
DA:69,19
DA:70,19
DA:71,19
DA:72,19
DA:73,14
DA:74,14
DA:75,14
DA:77,17
DA:78,17
DA:80,17
LF:72
LH:72
BRDA:8,0,0,19
BRDA:9,1,0,13
BRDA:9,2,0,6
BRDA:13,3,0,17
BRDA:33,4,0,1
BRDA:33,5,0,1
BRDA:34,6,0,16
BRDA:35,7,0,2
BRDA:36,8,0,14
BRDA:17,9,0,2
BRDA:19,10,0,1
BRDA:22,11,0,0
BRDA:49,12,0,19
BRDA:57,13,0,6
BRDA:57,14,0,13
BRDA:69,15,0,3
BRDA:69,16,0,16
BRDA:67,17,0,2
BRF:18
BRH:17
end_of_record
TN:
SF:src\components\super-admin\VerificationSuccessBanner.jsx
FN:10,VerificationSuccessBanner
FN:19,copyLink
FN:41,onClick
FNF:3
FNH:3
FNDA:13,VerificationSuccessBanner
FNDA:2,copyLink
FNDA:1,onClick
DA:1,1
DA:2,1
DA:3,1
DA:4,1
DA:5,1
DA:10,1
DA:11,13
DA:12,13
DA:14,13
DA:16,2
DA:17,13
DA:19,13
DA:20,2
DA:21,2
DA:22,2
DA:24,13
DA:25,13
DA:26,13
DA:27,13
DA:28,13
DA:29,13
DA:30,13
DA:31,13
DA:32,13
DA:33,13
DA:34,13
DA:35,13
DA:36,13
DA:37,13
DA:38,13
DA:40,13
DA:41,13
DA:42,13
DA:43,13
DA:44,13
DA:45,13
DA:46,13
DA:48,13
LF:38
LH:38
BRDA:10,0,0,13
BRDA:14,1,0,3
BRDA:14,2,0,11
BRDA:14,3,0,2
BRDA:17,4,0,1
BRDA:19,5,0,2
BRDA:41,6,0,1
BRF:7
BRH:7
end_of_record
TN:
SF:src\components\support\CategoryFaqModal.jsx
FN:6,CategoryFaqModal
FN:16,onKeyDown
FN:36,onClick
FN:43,onClick
FN:58,onClick
FN:78,onClick
FNF:6
FNH:6
FNDA:12,CategoryFaqModal
FNDA:1,onKeyDown
FNDA:1,onClick
FNDA:5,onClick
FNDA:1,onClick
FNDA:4,onClick
DA:1,1
DA:2,1
DA:3,1
DA:4,1
DA:6,1
DA:7,12
DA:8,12
DA:10,12
DA:11,6
DA:12,2
DA:13,2
DA:14,2
DA:16,4
DA:17,1
DA:18,1
DA:19,4
DA:20,4
DA:21,4
DA:22,4
DA:23,4
DA:24,4
DA:25,4
DA:26,12
DA:28,12
DA:30,8
DA:31,8
DA:32,8
DA:33,8
DA:34,8
DA:35,8
DA:36,8
DA:37,8
DA:38,8
DA:39,8
DA:40,8
DA:41,8
DA:42,8
DA:43,8
DA:45,8
DA:46,8
DA:47,8
DA:48,8
DA:49,8
DA:50,8
DA:51,7
DA:53,12
DA:54,12
DA:55,12
DA:56,12
DA:57,12
DA:58,12
DA:60,12
DA:61,12
DA:62,12
DA:64,12
DA:65,12
DA:66,1
DA:68,1
DA:70,7
DA:71,7
DA:72,14
DA:73,14
DA:74,14
DA:75,14
DA:76,14
DA:77,14
DA:78,14
DA:79,14
DA:81,14
DA:82,14
DA:83,14
DA:84,7
DA:86,14
DA:87,14
DA:88,14
DA:89,14
DA:90,14
DA:91,14
DA:92,14
DA:93,14
DA:94,14
DA:95,3
DA:96,3
DA:97,3
DA:99,14
DA:101,7
DA:102,7
DA:104,12
DA:105,12
DA:106,12
DA:107,12
DA:108,12
DA:109,12
LF:93
LH:93
BRDA:6,0,0,12
BRDA:28,1,0,9
BRDA:28,2,0,8
BRDA:28,3,0,4
BRDA:28,4,0,8
BRDA:50,5,0,7
BRDA:65,6,0,1
BRDA:68,7,0,7
BRDA:10,8,0,6
BRDA:11,9,0,2
BRDA:14,10,0,4
BRDA:16,11,0,1
BRDA:22,12,0,4
BRDA:36,13,0,1
BRDA:43,14,0,5
BRDA:58,15,0,1
BRDA:71,16,0,14
BRDA:83,17,0,7
BRDA:90,18,0,3
BRDA:94,19,0,3
BRDA:78,20,0,4
BRDA:78,21,0,1
BRDA:78,22,0,3
BRF:23
BRH:23
end_of_record
TN:
SF:src\components\support\CreateTicketModal.jsx
FN:21,CreateTicketModal
FN:34,onKeyDown
FN:51,handleSubmit
FN:72,onClick
FN:81,onClick
FN:97,onClick
FN:108,onChange
FN:120,onValueChange
FN:131,onChange
FN:145,onClick
FNF:10
FNH:10
FNDA:48,CreateTicketModal
FNDA:41,onKeyDown
FNDA:1,handleSubmit
FNDA:2,onClick
FNDA:6,onClick
FNDA:1,onClick
FNDA:13,onChange
FNDA:1,onValueChange
FNDA:26,onChange
FNDA:1,onClick
DA:1,1
DA:2,1
DA:3,1
DA:4,1
DA:5,1
DA:6,1
DA:7,1
DA:8,1
DA:9,1
DA:15,1
DA:16,1
DA:17,1
DA:18,1
DA:19,1
DA:21,1
DA:22,48
DA:23,48
DA:24,48
DA:25,48
DA:27,48
DA:28,6
DA:29,1
DA:30,1
DA:31,1
DA:32,1
DA:34,5
DA:35,41
DA:36,41
DA:37,5
DA:38,5
DA:39,5
DA:40,5
DA:41,5
DA:42,5
DA:43,5
DA:44,48
DA:46,48
DA:47,48
DA:48,48
DA:49,48
DA:51,48
DA:52,1
DA:53,1
DA:54,1
DA:55,1
DA:56,1
DA:57,1
DA:58,1
DA:59,1
DA:60,1
DA:61,1
DA:62,1
DA:64,48
DA:66,47
DA:67,47
DA:68,47
DA:69,47
DA:70,47
DA:71,47
DA:72,47
DA:73,2
DA:74,2
DA:75,47
DA:76,47
DA:77,47
DA:78,47
DA:79,47
DA:80,47
DA:81,47
DA:83,47
DA:84,47
DA:85,47
DA:87,47
DA:88,47
DA:90,47
DA:91,47
DA:92,47
DA:93,47
DA:94,47
DA:95,47
DA:96,47
DA:97,47
DA:99,47
DA:100,47
DA:101,47
DA:103,47
DA:104,47
DA:106,47
DA:107,47
DA:108,47
DA:109,47
DA:110,47
DA:111,47
DA:112,47
DA:113,47
DA:114,47
DA:116,47
DA:118,47
DA:119,47
DA:120,47
DA:121,47
DA:122,47
DA:123,47
DA:124,47
DA:126,47
DA:128,47
DA:129,47
DA:130,47
DA:131,47
DA:132,47
DA:133,47
DA:134,47
DA:135,47
DA:136,47
DA:138,48
DA:140,48
DA:141,48
DA:142,48
DA:143,48
DA:144,48
DA:145,48
DA:146,48
DA:148,48
DA:149,48
DA:150,48
DA:151,48
DA:152,48
DA:153,48
DA:154,48
DA:155,48
DA:156,48
DA:157,48
DA:158,48
LF:133
LH:133
BRDA:21,0,0,48
BRDA:64,1,0,47
BRDA:64,2,0,1
BRDA:64,3,0,47
BRDA:138,4,0,1
BRDA:149,5,0,43
BRDA:150,6,0,4
BRDA:150,7,0,43
BRDA:27,8,0,6
BRDA:28,9,0,1
BRDA:32,10,0,5
BRDA:34,11,0,41
BRDA:35,12,0,2
BRDA:35,13,0,1
BRDA:40,14,0,5
BRDA:46,15,0,48
BRDA:51,16,0,1
BRDA:72,17,0,2
BRDA:73,18,0,1
BRDA:81,19,0,6
BRDA:97,20,0,1
BRDA:108,21,0,13
BRDA:120,22,0,1
BRDA:131,23,0,26
BRDA:145,24,0,1
BRF:25
BRH:25
end_of_record
TN:
SF:src\components\support\MyTicketDetailModal.jsx
FN:13,statusBadgeVariant
FN:19,MyTicketDetailModal
FN:25,onKeyDown
FN:45,onClick
FN:52,onClick
FN:70,onClick
FN:117,onClick
FNF:7
FNH:7
FNDA:4,statusBadgeVariant
FNDA:6,MyTicketDetailModal
FNDA:1,onKeyDown
FNDA:1,onClick
FNDA:2,onClick
FNDA:1,onClick
FNDA:1,onClick
DA:1,1
DA:2,1
DA:3,1
DA:4,1
DA:5,1
DA:7,1
DA:8,1
DA:9,1
DA:10,1
DA:11,1
DA:13,1
DA:14,4
DA:15,4
DA:16,2
DA:17,2
DA:19,1
DA:20,6
DA:22,6
DA:23,3
DA:25,2
DA:26,1
DA:27,1
DA:28,2
DA:29,2
DA:30,2
DA:31,2
DA:32,2
DA:33,2
DA:34,2
DA:35,6
DA:37,6
DA:39,4
DA:40,4
DA:41,4
DA:42,4
DA:43,4
DA:44,4
DA:45,4
DA:46,4
DA:47,4
DA:48,4
DA:49,4
DA:50,4
DA:51,4
DA:52,4
DA:54,4
DA:55,4
DA:56,4
DA:57,4
DA:58,4
DA:59,4
DA:60,4
DA:61,6
DA:62,6
DA:63,6
DA:64,6
DA:65,6
DA:66,6
DA:67,6
DA:68,6
DA:69,6
DA:70,6
DA:72,6
DA:73,6
DA:74,6
DA:76,6
DA:77,6
DA:78,6
DA:79,6
DA:80,6
DA:81,6
DA:82,6
DA:83,6
DA:84,6
DA:85,6
DA:86,6
DA:87,6
DA:88,6
DA:89,6
DA:90,6
DA:91,1
DA:92,1
DA:93,1
DA:94,1
DA:95,1
DA:96,1
DA:98,6
DA:100,6
DA:101,6
DA:102,6
DA:103,6
DA:104,6
DA:105,6
DA:107,6
DA:108,1
DA:109,1
DA:110,1
DA:111,1
DA:112,1
DA:113,1
DA:116,6
DA:117,6
DA:119,6
DA:120,6
DA:121,6
DA:122,6
DA:123,6
DA:124,6
DA:125,6
DA:126,6
LF:110
LH:110
BRDA:13,0,0,4
BRDA:14,1,0,1
BRDA:14,2,0,3
BRDA:15,3,0,1
BRDA:15,4,0,2
BRDA:19,5,0,6
BRDA:37,6,0,5
BRDA:37,7,0,4
BRDA:37,8,0,2
BRDA:37,9,0,4
BRDA:61,10,0,1
BRDA:81,11,0,3
BRDA:81,12,0,1
BRDA:87,13,0,3
BRDA:87,14,0,1
BRDA:90,15,0,1
BRDA:90,16,0,1
BRDA:107,17,0,1
BRDA:22,18,0,3
BRDA:23,19,0,1
BRDA:23,20,0,2
BRDA:25,21,0,1
BRDA:31,22,0,2
BRDA:45,23,0,1
BRDA:52,24,0,2
BRDA:70,25,0,1
BRDA:117,26,0,1
BRF:27
BRH:27
end_of_record
TN:
SF:src\components\support\TicketDetailModal.jsx
FN:21,statusBadgeVariant
FN:27,formatStatus
FN:30,TicketDetailModal
FN:49,onKeyDown
FN:61,handleSubmit
FN:92,onClick
FN:101,onClick
FN:120,onClick
FN:173,onChange
FN:185,onClick
FNF:10
FNH:10
FNDA:27,statusBadgeVariant
FNDA:27,formatStatus
FNDA:30,TicketDetailModal
FNDA:9,onKeyDown
FNDA:1,handleSubmit
FNDA:2,onClick
FNDA:5,onClick
FNDA:1,onClick
FNDA:8,onChange
FNDA:1,onClick
DA:1,1
DA:2,1
DA:3,1
DA:4,1
DA:5,1
DA:6,1
DA:7,1
DA:8,1
DA:9,1
DA:15,1
DA:16,1
DA:17,1
DA:18,1
DA:19,1
DA:21,1
DA:22,27
DA:23,27
DA:24,23
DA:25,23
DA:27,1
DA:28,27
DA:30,1
DA:31,30
DA:32,30
DA:33,30
DA:34,30
DA:35,30
DA:37,30
DA:38,7
DA:39,7
DA:40,7
DA:41,30
DA:43,30
DA:44,7
DA:45,1
DA:46,1
DA:47,1
DA:49,6
DA:50,9
DA:51,9
DA:52,6
DA:53,6
DA:54,6
DA:55,6
DA:56,6
DA:57,6
DA:58,6
DA:59,30
DA:61,30
DA:62,1
DA:63,1
DA:65,1
DA:66,1
DA:67,1
DA:68,1
DA:69,1
DA:70,1
DA:71,1
DA:72,1
DA:74,1
DA:75,1
DA:76,1
DA:77,1
DA:78,1
DA:80,30
DA:82,27
DA:83,23
DA:84,4
DA:86,30
DA:87,30
DA:88,30
DA:89,30
DA:90,30
DA:91,30
DA:92,30
DA:93,2
DA:94,2
DA:95,30
DA:96,30
DA:97,30
DA:98,30
DA:99,30
DA:100,30
DA:101,30
DA:103,30
DA:104,30
DA:105,30
DA:106,30
DA:107,30
DA:108,30
DA:109,30
DA:110,30
DA:111,30
DA:112,30
DA:113,30
DA:114,30
DA:115,30
DA:116,30
DA:117,30
DA:118,30
DA:119,30
DA:120,30
DA:122,30
DA:123,30
DA:124,30
DA:126,30
DA:127,30
DA:128,30
DA:129,30
DA:130,30
DA:131,30
DA:132,30
DA:133,30
DA:134,30
DA:135,30
DA:136,30
DA:137,30
DA:138,30
DA:139,30
DA:140,30
DA:141,30
DA:142,30
DA:143,30
DA:144,30
DA:145,30
DA:146,30
DA:147,30
DA:148,30
DA:149,30
DA:150,30
DA:152,30
DA:153,30
DA:154,30
DA:155,30
DA:156,30
DA:157,30
DA:159,30
DA:161,30
DA:162,30
DA:163,30
DA:164,30
DA:165,30
DA:166,30
DA:168,30
DA:170,30
DA:171,30
DA:172,30
DA:173,30
DA:174,30
DA:175,30
DA:176,30
DA:178,30
DA:180,30
DA:181,30
DA:182,30
DA:183,30
DA:184,30
DA:185,30
DA:186,30
DA:188,30
DA:189,30
DA:190,30
DA:191,30
DA:192,30
DA:193,30
DA:194,30
DA:195,30
DA:196,30
DA:197,30
DA:198,30
LF:170
LH:170
BRDA:21,0,0,27
BRDA:22,1,0,0
BRDA:23,2,0,4
BRDA:23,3,0,23
BRDA:27,4,0,27
BRDA:28,5,0,23
BRDA:28,6,0,4
BRDA:28,7,0,39
BRDA:30,8,0,30
BRDA:80,9,0,28
BRDA:80,10,0,27
BRDA:80,11,0,3
BRDA:80,12,0,27
BRDA:82,13,0,23
BRDA:83,14,0,4
BRDA:83,15,0,4
BRDA:83,16,0,4
BRDA:131,17,0,23
BRDA:131,18,0,4
BRDA:136,19,0,4
BRDA:141,20,0,23
BRDA:141,21,0,4
BRDA:147,22,0,23
BRDA:147,23,0,4
BRDA:178,24,0,10
BRDA:190,25,0,5
BRDA:190,26,0,22
BRDA:37,27,0,7
BRDA:38,28,0,1
BRDA:38,29,0,6
BRDA:39,30,0,0
BRDA:40,31,0,1
BRDA:43,32,0,7
BRDA:44,33,0,1
BRDA:47,34,0,6
BRDA:49,35,0,9
BRDA:50,36,0,2
BRDA:50,37,0,1
BRDA:55,38,0,6
BRDA:61,39,0,1
BRDA:63,40,0,0
BRDA:92,41,0,2
BRDA:93,42,0,1
BRDA:101,43,0,5
BRDA:120,44,0,1
BRDA:173,45,0,8
BRDA:185,46,0,1
BRF:47
BRH:44
end_of_record
TN:
SF:src\components\ui\Avatar.jsx
FN:3,Avatar
FNF:1
FNH:1
FNDA:56,Avatar
DA:1,1
DA:3,1
DA:4,56
DA:6,56
DA:7,56
DA:8,56
DA:9,56
DA:10,56
DA:11,56
DA:12,56
DA:14,56
DA:15,56
DA:17,56
LF:13
LH:13
BRDA:3,0,0,56
BRDA:4,1,0,43
BRDA:4,2,0,24
BRDA:4,3,0,33
BRDA:4,4,0,34
BRDA:4,5,0,24
BRF:6
BRH:6
end_of_record
TN:
SF:src\components\ui\Badge.jsx
FN:11,Badge
FNF:1
FNH:1
FNDA:535,Badge
DA:1,1
DA:3,1
DA:4,1
DA:5,1
DA:6,1
DA:7,1
DA:8,1
DA:9,1
DA:11,1
DA:12,535
DA:13,535
DA:14,535
DA:15,535
DA:16,535
DA:17,535
DA:18,535
DA:19,535
DA:20,535
DA:21,535
DA:22,535
DA:23,535
DA:24,535
DA:26,535
DA:27,535
DA:29,535
LF:25
LH:25
BRDA:11,0,0,535
BRF:1
BRH:1
end_of_record
TN:
SF:src\components\ui\Button.jsx
FNF:0
FNH:0
DA:1,1
DA:2,1
DA:3,1
DA:4,1
DA:6,1
DA:7,1
DA:8,1
DA:9,1
DA:10,1
DA:11,1
DA:12,1
DA:13,1
DA:14,1
DA:15,1
DA:16,1
DA:17,1
DA:18,1
DA:19,1
DA:20,1
DA:21,1
DA:22,1
DA:23,1
DA:25,1
DA:26,2320
DA:27,2320
DA:28,2320
DA:30,1
LF:27
LH:27
BRDA:25,0,0,2320
BRDA:26,1,0,129
BRDA:26,2,0,2191
BRF:3
BRH:3
end_of_record
TN:
SF:src\components\ui\Card.jsx
FN:3,Card
FN:14,CardHeader
FN:18,CardContent
FNF:3
FNH:3
FNDA:1549,Card
FNDA:360,CardHeader
FNDA:1409,CardContent
DA:1,1
DA:3,1
DA:4,1549
DA:5,1549
DA:6,1549
DA:7,1549
DA:9,1549
DA:10,1549
DA:12,1549
DA:14,1
DA:15,360
DA:16,360
DA:18,1
DA:19,1409
DA:20,1409
LF:15
LH:15
BRDA:3,0,0,1549
BRDA:14,1,0,360
BRDA:18,2,0,1409
BRF:3
BRH:3
end_of_record
TN:
SF:src\components\ui\ConfirmDialog.jsx
FN:16,ConfirmDialog
FN:33,close
FN:42,onKeyDown
FN:76,onClick
FN:111,onClick
FNF:5
FNH:5
FNDA:48,ConfirmDialog
FNDA:1,close
FNDA:1,onKeyDown
FNDA:6,onClick
FNDA:6,onClick
DA:1,1
DA:2,1
DA:3,1
DA:4,1
DA:5,1
DA:16,1
DA:17,48
DA:18,48
DA:19,48
DA:20,48
DA:21,48
DA:22,48
DA:23,48
DA:24,48
DA:25,48
DA:26,48
DA:27,48
DA:28,48
DA:29,48
DA:30,48
DA:31,48
DA:33,48
DA:34,1
DA:35,0
DA:36,1
DA:37,1
DA:39,48
DA:40,21
DA:42,11
DA:43,1
DA:44,1
DA:45,1
DA:46,1
DA:47,1
DA:49,11
DA:50,11
DA:51,11
DA:53,11
DA:54,11
DA:55,11
DA:56,11
DA:57,48
DA:59,48
DA:61,12
DA:62,12
DA:63,12
DA:64,12
DA:65,12
DA:66,12
DA:67,12
DA:68,12
DA:70,12
DA:71,12
DA:72,12
DA:73,12
DA:74,48
DA:75,48
DA:76,48
DA:78,48
DA:79,48
DA:80,48
DA:81,48
DA:82,48
DA:83,48
DA:85,48
DA:86,48
DA:88,48
DA:89,48
DA:90,48
DA:91,48
DA:92,48
DA:93,10
DA:94,10
DA:95,10
DA:96,2
DA:97,48
DA:98,48
DA:100,48
DA:101,48
DA:102,11
DA:103,11
DA:104,11
DA:106,48
DA:107,48
DA:108,48
DA:109,48
DA:110,48
DA:111,48
DA:113,48
DA:114,48
DA:115,48
DA:116,48
DA:117,48
DA:118,48
DA:119,48
DA:120,48
LF:96
LH:95
BRDA:16,0,0,48
BRDA:59,1,0,12
BRDA:59,2,0,36
BRDA:59,3,0,12
BRDA:74,4,0,10
BRDA:74,5,0,2
BRDA:92,6,0,10
BRDA:95,7,0,2
BRDA:97,8,0,0
BRDA:97,9,0,12
BRDA:101,10,0,11
BRDA:110,11,0,9
BRDA:113,12,0,3
BRDA:113,13,0,9
BRDA:33,14,0,1
BRDA:34,15,0,0
BRDA:36,16,0,0
BRDA:39,17,0,21
BRDA:40,18,0,10
BRDA:40,19,0,11
BRDA:42,20,0,1
BRDA:53,21,0,11
BRDA:76,22,0,6
BRDA:111,23,0,6
BRF:24
BRH:21
end_of_record
TN:
SF:src\components\ui\Input.jsx
FNF:0
FNH:0
DA:1,1
DA:2,1
DA:4,1
DA:5,2480
DA:6,2480
DA:7,2480
DA:8,2480
DA:9,2480
DA:10,2480
DA:11,2480
DA:12,2480
DA:13,2480
DA:14,2480
DA:15,2480
DA:16,2480
DA:18,1
LF:16
LH:16
BRDA:4,0,0,2480
BRF:1
BRH:1
end_of_record
TN:
SF:src\components\ui\Label.jsx
FN:4,Label
FNF:1
FNH:1
FNDA:2611,Label
DA:1,1
DA:2,1
DA:4,2611
DA:5,2611
DA:6,2611
DA:7,2611
DA:8,2611
DA:9,2611
DA:11,2611
LF:9
LH:9
BRDA:4,0,0,2611
BRF:1
BRH:1
end_of_record
TN:
SF:src\components\ui\SearchInput.jsx
FN:4,SearchInput
FN:8,onChange
FNF:2
FNH:2
FNDA:42,SearchInput
FNDA:3,onChange
DA:1,1
DA:2,1
DA:4,1
DA:5,42
DA:6,42
DA:7,42
DA:8,42
DA:9,42
DA:11,42
LF:9
LH:9
BRDA:4,0,0,42
BRDA:8,1,0,3
BRF:2
BRH:2
end_of_record
TN:
SF:src\components\ui\Select.jsx
FNF:0
FNH:0
DA:1,1
DA:2,1
DA:4,1
DA:5,259
DA:6,259
DA:7,259
DA:8,259
DA:9,259
DA:10,259
DA:11,259
DA:12,259
DA:13,259
[...]
DA:46,1
DA:47,3
DA:48,3
DA:49,2
DA:50,2
DA:51,1
DA:52,1
DA:53,3
DA:54,1
DA:55,1
DA:56,1
DA:57,2
DA:58,2
DA:59,1
DA:60,1
DA:61,1
DA:62,1
DA:63,1
DA:64,1
DA:65,1
DA:66,1
DA:67,1
DA:68,1
DA:69,1
DA:70,1
DA:71,1
DA:72,1
DA:73,1
DA:74,1
DA:75,1
DA:76,2
DA:77,2
DA:78,2
DA:79,2
DA:80,1
DA:81,1
DA:82,1
DA:83,1
DA:84,1
DA:85,1
DA:86,1
DA:87,1
DA:88,1
DA:89,1
DA:90,1
DA:91,21
DA:92,21
DA:93,21
DA:94,2
DA:95,2
DA:96,2
DA:97,2
DA:98,2
DA:99,2
DA:100,2
DA:101,21
DA:102,21
DA:103,3
DA:104,3
DA:105,21
DA:106,21
DA:107,2
DA:108,2
DA:109,2
DA:110,21
DA:111,21
DA:112,1
DA:113,1
DA:114,1
DA:115,21
DA:116,21
DA:117,2
DA:118,2
DA:119,21
DA:120,1
DA:121,1
DA:122,1
DA:123,1
DA:124,1
DA:125,1
DA:126,1
DA:127,1
DA:128,1
DA:129,1
DA:130,1
DA:131,1
LF:128
LH:128
BRDA:9,0,0,4
BRDA:16,1,0,21
BRDA:18,2,0,20
BRDA:19,3,0,19
BRDA:20,4,0,3
BRDA:20,5,0,2
BRDA:23,6,0,1
BRDA:23,7,0,1
BRDA:34,8,0,5
BRDA:37,9,0,4
BRDA:37,10,0,2
BRDA:38,11,0,3
BRDA:39,12,0,2
BRDA:39,13,0,1
BRDA:46,14,0,3
BRDA:49,15,0,2
BRDA:50,16,0,1
BRDA:51,17,0,0
BRDA:56,18,0,2
BRDA:57,19,0,1
BRDA:73,20,0,4
BRDA:74,21,0,3
BRDA:75,22,0,2
BRDA:79,23,0,1
BRDA:83,24,0,1
BRDA:90,25,0,21
BRDA:92,26,0,5
BRDA:93,27,0,2
BRDA:102,28,0,3
BRDA:106,29,0,2
BRDA:111,30,0,1
BRDA:116,31,0,2
BRDA:129,32,0,141
BRDA:130,33,0,13
BRF:34
BRH:33
end_of_record
TN:
SF:src\store\slices\candidatesSlice.js
FN:81,clearCandidates
FN:86,extraReducers
FN:125,selectCandidatesState
FNF:3
FNH:3
FNDA:21,clearCandidates
FNDA:19,extraReducers
FNDA:154,selectCandidatesState
DA:1,1
DA:2,1
DA:7,1
DA:8,1
DA:9,1
DA:10,1
DA:11,1
DA:12,25
DA:13,25
DA:14,25
DA:15,25
DA:16,0
DA:17,0
DA:18,25
DA:19,1
DA:20,1
DA:21,1
DA:22,1
DA:23,1
DA:24,1
DA:25,1
DA:26,1
DA:27,1
DA:28,1
DA:29,1
DA:30,1
DA:31,1
DA:32,1
DA:33,1
DA:34,1
DA:35,1
DA:36,10
DA:37,10
DA:38,8
DA:39,9
DA:40,2
DA:41,2
DA:42,10
DA:43,1
DA:44,1
DA:45,1
DA:46,1
DA:47,1
DA:48,4
DA:49,4
DA:50,2
DA:51,2
DA:52,2
DA:53,2
DA:54,4
DA:55,1
DA:56,1
DA:57,1
DA:58,1
DA:59,1
DA:60,4
DA:61,4
DA:62,2
DA:63,2
DA:64,2
DA:65,2
DA:66,4
DA:67,1
DA:68,1
DA:69,1
DA:70,1
DA:71,1
DA:72,1
DA:73,1
DA:74,1
DA:75,1
DA:76,1
DA:77,1
DA:78,1
DA:79,1
DA:80,1
DA:81,1
DA:82,21
DA:83,21
DA:84,1
DA:85,1
DA:86,1
DA:87,19
DA:88,19
DA:89,19
DA:90,25
DA:91,25
DA:92,25
DA:93,19
DA:94,19
DA:95,19
DA:96,19
DA:97,19
DA:98,19
DA:99,19
DA:100,19
DA:101,19
DA:102,19
DA:103,19
DA:104,19
DA:105,4
DA:106,19
DA:107,19
DA:108,2
DA:109,2
DA:110,2
DA:111,2
DA:112,2
DA:113,2
DA:114,2
DA:115,2
DA:116,19
DA:117,19
DA:118,2
DA:119,2
DA:120,19
DA:121,1
DA:122,1
DA:123,1
DA:124,1
DA:125,1
DA:126,1
LF:122
LH:120
BRDA:11,0,0,25
BRDA:15,1,0,0
BRDA:35,2,0,10
BRDA:38,3,0,9
BRDA:38,4,0,8
BRDA:39,5,0,2
BRDA:40,6,0,0
BRDA:47,7,0,4
BRDA:50,8,0,2
BRDA:52,9,0,1
BRDA:52,10,0,1
BRDA:59,11,0,4
BRDA:62,12,0,2
BRDA:64,13,0,1
BRDA:64,14,0,1
BRDA:81,15,0,21
BRDA:86,16,0,19
BRDA:88,17,0,25
BRDA:89,18,0,25
BRDA:98,19,0,10
BRDA:99,20,0,8
BRDA:100,21,0,2
BRDA:101,22,0,4
BRDA:102,23,0,2
BRDA:103,24,0,2
BRDA:104,25,0,4
BRDA:107,26,0,2
BRDA:113,27,0,0
BRDA:109,28,0,2
BRDA:117,29,0,2
BRDA:125,30,0,154
BRF:31
BRH:28
end_of_record
TN:
SF:src\store\slices\countrySlice.js
FN:20,extraReducers
FN:31,selectCountries
FNF:2
FNH:2
FNDA:19,extraReducers
FNDA:46,selectCountries
DA:1,1
DA:2,1
DA:4,1
DA:5,1
DA:6,1
DA:7,5
DA:8,5
DA:9,4
DA:10,4
DA:11,1
DA:12,1
DA:13,5
DA:14,1
DA:16,1
DA:17,1
DA:18,1
DA:19,1
DA:20,1
DA:21,19
DA:22,19
DA:23,19
DA:24,4
DA:25,4
DA:26,19
DA:27,19
DA:28,1
DA:29,1
DA:31,1
DA:32,1
LF:29
LH:29
BRDA:6,0,0,5
BRDA:8,1,0,4
BRDA:10,2,0,1
BRDA:11,3,0,0
BRDA:20,4,0,19
BRDA:22,5,0,5
BRDA:23,6,0,4
BRDA:27,7,0,1
BRDA:31,8,0,46
BRF:9
BRH:8
end_of_record
TN:
SF:src\store\slices\jobsSlice.js
FN:93,clearCurrentJob
FN:95,extraReducers
FN:131,selectJobs
FNF:3
FNH:3
FNDA:28,clearCurrentJob
FNDA:19,extraReducers
FNDA:188,selectJobs
DA:1,1
DA:2,1
DA:7,1
DA:8,1
DA:9,1
DA:10,1
DA:11,1
DA:12,3
DA:13,3
DA:14,2
DA:15,2
DA:16,1
DA:17,1
DA:18,3
DA:19,1
DA:20,1
DA:21,1
DA:22,1
DA:23,1
DA:24,25
DA:25,25
DA:26,23
DA:27,24
DA:28,2
DA:29,2
DA:30,25
DA:31,1
DA:32,1
DA:33,1
DA:34,1
DA:35,1
DA:36,4
DA:37,4
DA:38,2
DA:39,2
DA:40,2
DA:41,2
DA:42,4
DA:43,1
DA:44,1
DA:45,1
DA:46,1
DA:47,1
DA:48,3
DA:49,3
DA:50,2
DA:51,2
DA:52,1
DA:53,1
DA:54,3
DA:55,1
DA:56,1
DA:57,1
DA:58,1
DA:59,1
DA:60,3
DA:61,3
DA:62,2
DA:63,2
DA:64,1
DA:65,1
DA:66,3
DA:67,1
DA:68,1
DA:69,1
DA:70,1
DA:71,1
DA:72,3
DA:73,3
DA:74,2
DA:75,2
DA:76,1
DA:77,1
DA:78,3
DA:79,1
DA:80,1
DA:81,1
DA:82,1
DA:83,1
DA:84,1
DA:85,1
DA:86,1
DA:87,1
DA:88,1
DA:89,1
DA:90,1
DA:91,1
DA:92,1
DA:93,1
DA:94,1
DA:95,1
DA:96,19
DA:97,19
DA:98,19
DA:99,2
DA:100,2
DA:101,2
DA:102,19
DA:103,19
DA:104,19
DA:105,19
DA:106,19
DA:107,19
DA:108,19
DA:109,19
DA:110,19
DA:111,19
DA:112,2
DA:113,2
DA:114,2
DA:115,19
DA:116,19
DA:117,19
DA:118,2
DA:119,2
DA:120,19
DA:121,19
DA:122,2
DA:123,2
DA:124,1
DA:125,2
DA:126,19
DA:127,1
DA:128,1
DA:129,1
DA:130,1
DA:131,1
DA:132,1
LF:128
LH:128
BRDA:11,0,0,3
BRDA:14,1,0,2
BRDA:15,2,0,1
BRDA:16,3,0,0
BRDA:23,4,0,25
BRDA:26,5,0,24
BRDA:26,6,0,23
BRDA:27,7,0,2
BRDA:28,8,0,0
BRDA:35,9,0,4
BRDA:38,10,0,2
BRDA:40,11,0,1
BRDA:40,12,0,1
BRDA:47,13,0,3
BRDA:50,14,0,2
BRDA:51,15,0,1
BRDA:52,16,0,0
BRDA:59,17,0,3
BRDA:62,18,0,2
BRDA:63,19,0,1
BRDA:64,20,0,0
BRDA:71,21,0,3
BRDA:74,22,0,2
BRDA:75,23,0,1
BRDA:76,24,0,0
BRDA:93,25,0,28
BRDA:95,26,0,19
BRDA:97,27,0,3
BRDA:98,28,0,2
BRDA:103,29,0,1
BRDA:104,30,0,25
BRDA:105,31,0,23
BRDA:106,32,0,2
BRDA:107,33,0,4
BRDA:108,34,0,2
BRDA:109,35,0,2
BRDA:110,36,0,3
BRDA:111,37,0,2
BRDA:114,38,0,1
BRDA:114,39,0,0
BRDA:116,40,0,1
BRDA:117,41,0,2
BRDA:119,42,0,1
BRDA:119,43,0,0
BRDA:121,44,0,2
BRDA:123,45,0,1
BRDA:124,46,0,0
BRDA:131,47,0,188
BRF:48
BRH:40
end_of_record
TN:
SF:src\store\slices\organizationSlice.js
FN:97,clearSelectedOrg
FN:98,clearOrgError
FN:100,extraReducers
FN:150,selectOrganizations
FNF:4
FNH:4
FNDA:2,clearSelectedOrg
FNDA:1,clearOrgError
FNDA:19,extraReducers
FNDA:49,selectOrganizations
DA:1,1
DA:2,1
DA:9,1
DA:10,1
DA:11,1
DA:12,1
DA:13,1
DA:14,8
DA:15,8
DA:16,6
DA:17,7
DA:18,1
DA:19,1
DA:20,8
DA:21,1
DA:22,1
DA:23,1
DA:24,1
DA:25,1
DA:26,1
DA:27,1
DA:28,1
DA:29,1
DA:30,0
DA:31,0
DA:32,1
DA:33,1
DA:34,1
DA:35,1
DA:36,1
DA:37,1
DA:38,5
DA:39,5
DA:40,4
DA:41,5
DA:42,0
DA:43,0
DA:44,5
DA:45,1
DA:46,1
DA:47,1
DA:48,1
DA:49,1
DA:50,3
DA:51,3
DA:52,2
DA:53,2
DA:54,1
DA:55,1
DA:56,3
DA:57,1
DA:58,1
DA:59,1
DA:60,1
DA:61,1
DA:62,3
DA:63,3
DA:64,2
DA:65,2
DA:66,1
DA:67,1
DA:68,3
DA:69,1
DA:70,1
DA:71,1
DA:72,1
DA:73,1
DA:74,5
DA:75,5
DA:76,3
DA:77,4
DA:78,2
DA:79,2
DA:80,5
DA:81,1
DA:82,1
DA:83,1
DA:84,1
DA:85,1
DA:86,1
DA:87,1
DA:88,1
DA:89,1
DA:90,1
DA:91,1
DA:92,1
DA:93,1
DA:94,1
DA:95,1
DA:96,1
DA:97,1
DA:98,1
DA:99,1
DA:100,1
DA:101,19
DA:102,19
DA:103,19
DA:104,6
DA:105,6
DA:106,6
DA:107,19
DA:108,19
DA:109,1
DA:110,1
DA:111,19
DA:112,19
DA:113,19
DA:114,4
DA:115,4
DA:116,19
DA:117,19
DA:118,0
DA:119,0
DA:120,19
DA:121,19
DA:122,19
DA:123,2
DA:124,2
DA:125,19
DA:126,19
DA:127,1
DA:128,1
DA:129,19
DA:130,19
DA:131,19
DA:132,2
DA:133,2
DA:134,2
DA:135,19
DA:136,19
DA:137,1
DA:138,1
DA:139,19
DA:140,19
DA:141,19
DA:142,19
DA:143,2
DA:144,2
DA:145,19
DA:146,1
DA:147,1
DA:148,1
DA:149,1
DA:150,1
DA:151,1
LF:145
LH:139
BRDA:13,0,0,8
BRDA:16,1,0,7
BRDA:16,2,0,6
BRDA:17,3,0,1
BRDA:18,4,0,0
BRDA:25,5,0,1
BRDA:29,6,0,0
BRDA:37,7,0,5
BRDA:40,8,0,4
BRDA:41,9,0,0
BRDA:49,10,0,3
BRDA:52,11,0,2
BRDA:53,12,0,1
BRDA:54,13,0,0
BRDA:61,14,0,3
BRDA:64,15,0,2
BRDA:65,16,0,1
BRDA:66,17,0,0
BRDA:73,18,0,5
BRDA:76,19,0,4
BRDA:76,20,0,3
BRDA:77,21,0,2
BRDA:78,22,0,1
BRDA:78,23,0,1
BRDA:97,24,0,2
BRDA:98,25,0,1
BRDA:100,26,0,19
BRDA:102,27,0,8
BRDA:103,28,0,6
BRDA:108,29,0,1
BRDA:112,30,0,5
BRDA:113,31,0,4
BRDA:121,32,0,3
BRDA:122,33,0,2
BRDA:126,34,0,1
BRDA:130,35,0,3
BRDA:131,36,0,2
BRDA:133,37,0,1
BRDA:136,38,0,1
BRDA:140,39,0,5
BRDA:141,40,0,3
BRDA:142,41,0,2
BRDA:150,42,0,49
BRF:43
BRH:38
end_of_record
TN:
SF:src\store\slices\recruitersSlice.js
FN:95,clearLastInvited
FN:97,extraReducers
FN:134,selectRecruiters
FNF:3
FNH:3
FNDA:2,clearLastInvited
FNDA:19,extraReducers
FNDA:86,selectRecruiters
DA:1,1
DA:2,1
DA:9,1
DA:10,1
DA:11,1
DA:12,1
DA:13,1
DA:14,6
DA:15,6
DA:16,6
DA:17,6
DA:18,0
DA:19,0
DA:20,6
DA:21,1
DA:22,1
DA:23,1
DA:24,1
DA:25,1
DA:26,7
DA:27,7
DA:28,4
DA:29,6
DA:30,3
DA:31,3
DA:32,7
DA:33,1
DA:34,1
DA:35,1
DA:36,1
DA:37,1
DA:38,3
DA:39,3
DA:40,2
DA:41,2
DA:42,1
DA:43,1
DA:44,3
DA:45,1
DA:46,1
DA:47,1
DA:48,1
DA:49,1
DA:50,2
DA:51,2
DA:52,1
DA:53,1
DA:54,1
DA:55,1
DA:56,2
DA:57,1
DA:58,1
DA:59,1
DA:60,1
DA:61,1
DA:62,3
DA:63,3
DA:64,2
DA:65,2
DA:66,1
DA:67,1
DA:68,3
DA:69,1
DA:70,1
DA:71,1
DA:72,1
DA:73,1
DA:74,3
DA:75,3
DA:76,2
DA:77,2
DA:78,1
DA:79,1
DA:80,3
DA:81,1
DA:82,1
DA:83,1
DA:84,1
DA:85,1
DA:86,1
DA:87,1
DA:88,1
DA:89,1
DA:90,1
DA:91,1
DA:92,1
DA:93,1
DA:94,1
DA:95,1
DA:96,1
DA:97,1
DA:98,19
DA:99,19
DA:100,19
DA:101,7
DA:102,7
DA:103,7
DA:104,19
DA:105,19
DA:106,0
DA:107,0
DA:108,19
DA:109,19
DA:110,19
DA:111,4
DA:112,4
DA:113,19
DA:114,19
DA:115,3
DA:116,3
DA:117,19
DA:118,19
DA:119,2
DA:120,19
DA:121,19
DA:122,1
DA:123,19
DA:124,19
DA:125,2
DA:126,19
DA:127,19
DA:128,19
DA:129,19
DA:130,1
DA:131,1
DA:132,1
DA:133,1
DA:134,1
DA:135,1
LF:129
LH:125
BRDA:13,0,0,6
BRDA:17,1,0,0
BRDA:25,2,0,7
BRDA:28,3,0,6
BRDA:28,4,0,4
BRDA:29,5,0,3
BRDA:30,6,0,2
BRDA:30,7,0,1
BRDA:37,8,0,3
BRDA:40,9,0,2
BRDA:41,10,0,1
BRDA:42,11,0,0
BRDA:49,12,0,2
BRDA:52,13,0,1
BRDA:54,14,0,0
BRDA:61,15,0,3
BRDA:64,16,0,2
BRDA:65,17,0,1
BRDA:66,18,0,0
BRDA:73,19,0,3
BRDA:76,20,0,2
BRDA:77,21,0,1
BRDA:78,22,0,0
BRDA:95,23,0,2
BRDA:97,24,0,19
BRDA:99,25,0,6
BRDA:100,26,0,7
BRDA:109,27,0,7
BRDA:110,28,0,4
BRDA:114,29,0,3
BRDA:118,30,0,2
BRDA:119,31,0,2
BRDA:119,32,0,1
BRDA:119,33,0,1
BRDA:121,34,0,1
BRDA:122,35,0,2
BRDA:122,36,0,1
BRDA:122,37,0,1
BRDA:124,38,0,2
BRDA:125,39,0,2
BRDA:127,40,0,3
BRDA:128,41,0,2
BRDA:129,42,0,1
BRDA:134,43,0,86
BRF:44
BRH:39
end_of_record
TN:
SF:src\store\slices\recruitmentSlice.js
FN:24,extraReducers
FN:32,selectRecruitment
FNF:2
FNH:2
FNDA:19,extraReducers
FNDA:8,selectRecruitment
DA:1,1
DA:2,1
DA:4,1
DA:5,1
DA:6,1
DA:7,4
DA:8,4
DA:9,3
DA:10,3
DA:11,1
DA:12,1
DA:13,4
DA:14,1
DA:16,1
DA:17,1
DA:18,1
DA:19,1
DA:20,1
DA:21,1
DA:22,1
DA:23,1
DA:24,1
DA:25,19
DA:26,19
DA:27,19
DA:28,19
DA:29,1
DA:30,1
DA:32,1
DA:33,1
LF:30
LH:30
BRDA:6,0,0,4
BRDA:8,1,0,3
BRDA:10,2,0,1
BRDA:11,3,0,0
BRDA:24,4,0,19
BRDA:26,5,0,4
BRDA:27,6,0,3
BRDA:28,7,0,1
BRDA:32,8,0,8
BRF:9
BRH:8
end_of_record
TN:
SF:src\store\slices\registrationSlice.js
FN:56,clearLastRegistration
FN:58,extraReducers
FN:92,selectRegistrations
FNF:3
FNH:3
FNDA:2,clearLastRegistration
FNDA:19,extraReducers
FNDA:51,selectRegistrations
DA:1,1
DA:2,1
DA:8,1
DA:9,1
DA:10,1
DA:11,2
DA:12,2
DA:13,2
DA:14,2
DA:15,0
DA:16,0
DA:17,2
DA:18,1
DA:20,1
DA:21,1
DA:22,1
DA:23,4
DA:24,4
DA:25,2
DA:26,2
DA:27,2
DA:28,2
DA:29,4
DA:30,1
DA:32,1
DA:33,1
DA:34,1
DA:35,4
DA:36,4
DA:37,2
DA:38,2
DA:39,2
DA:40,2
DA:41,4
DA:42,1
DA:44,1
DA:45,1
DA:46,1
DA:47,1
DA:48,1
DA:49,1
DA:50,1
DA:51,1
DA:52,1
DA:53,1
DA:54,1
DA:55,1
DA:56,1
DA:57,1
DA:58,1
DA:59,19
DA:60,19
DA:61,19
DA:62,2
DA:63,2
DA:64,2
DA:65,19
DA:66,19
DA:67,0
DA:68,0
DA:69,19
DA:70,19
DA:71,19
DA:72,2
DA:73,2
DA:74,19
DA:75,19
DA:76,2
DA:77,2
DA:78,19
DA:79,19
DA:80,4
DA:81,19
DA:82,19
DA:83,2
DA:84,19
DA:85,19
DA:86,2
DA:87,19
DA:88,1
DA:89,1
DA:91,1
DA:92,1
DA:93,1
LF:84
LH:80
BRDA:10,0,0,2
BRDA:14,1,0,0
BRDA:22,2,0,4
BRDA:24,3,0,2
BRDA:27,4,0,1
BRDA:27,5,0,1
BRDA:34,6,0,4
BRDA:36,7,0,2
BRDA:39,8,0,1
BRDA:39,9,0,1
BRDA:56,10,0,2
BRDA:58,11,0,19
BRDA:60,12,0,2
BRDA:61,13,0,2
BRDA:70,14,0,4
BRDA:71,15,0,2
BRDA:75,16,0,2
BRDA:79,17,0,4
BRDA:82,18,0,2
BRDA:85,19,0,2
BRDA:92,20,0,51
BRF:21
BRH:20
end_of_record
TN:
SF:src\store\slices\supportSlice.js
FN:19,getErrorMessage
FN:221,clearSupportError
FN:223,extraReducers
FN:334,builder.addCase.addCase.addCase.addCase.addCase.addCase.addCase.addCase.addCase.addCase.addCase.addCase.addCase.addCase.addCase.addCase.addCase.addCase.addCase.addCase.addCase.addCase.addCase.addCase.addCase.addCase.addMatcher.state.saving
FN:347,builder.addCase.addCase.addCase.addCase.addCase.addCase.addCase.addCase.addCase.addCase.addCase.addCase.addCase.addCase.addCase.addCase.addCase.addCase.addCase.addCase.addCase.addCase.addCase.addCase.addCase.addCase.addMatcher.addMatcher.state.actionId
FN:354,builder.addCase.addCase.addCase.addCase.addCase.addCase.addCase.addCase.addCase.addCase.addCase.addCase.addCase.addCase.addCase.addCase.addCase.addCase.addCase.addCase.addCase.addCase.addCase.addCase.addCase.addCase.addMatcher.addMatcher.addMatcher.state.faqSaving
FN:367,builder.addCase.addCase.addCase.addCase.addCase.addCase.addCase.addCase.addCase.addCase.addCase.addCase.addCase.addCase.addCase.addCase.addCase.addCase.addCase.addCase.addCase.addCase.addCase.addCase.addCase.addCase.addMatcher.addMatcher.addMatcher.addMatcher.state.faqActionId
FN:374,builder.addCase.addCase.addCase.addCase.addCase.addCase.addCase.addCase.addCase.addCase.addCase.addCase.addCase.addCase.addCase.addCase.addCase.addCase.addCase.addCase.addCase.addCase.addCase.addCase.addCase.addCase.addMatcher.addMatcher.addMatcher.addMatcher.addMatcher.state.ticketSaving
FN:390,selectSupport
FNF:9
FNH:9
FNDA:7,getErrorMessage
FNDA:25,clearSupportError
FNDA:19,extraReducers
FNDA:1430,builder.addCase.addCase.addCase.addCase.addCase.addCase.addCase.addCase.addCase.addCase.addCase.addCase.addCase.addCase.addCase.addCase.addCase.addCase.addCase.addCase.addCase.addCase.addCase.addCase.addCase.addCase.addMatcher.state.saving
FNDA:1430,builder.addCase.addCase.addCase.addCase.addCase.addCase.addCase.addCase.addCase.addCase.addCase.addCase.addCase.addCase.addCase.addCase.addCase.addCase.addCase.addCase.addCase.addCase.addCase.addCase.addCase.addCase.addMatcher.addMatcher.state.actionId
FNDA:1430,builder.addCase.addCase.addCase.addCase.addCase.addCase.addCase.addCase.addCase.addCase.addCase.addCase.addCase.addCase.addCase.addCase.addCase.addCase.addCase.addCase.addCase.addCase.addCase.addCase.addCase.addCase.addMatcher.addMatcher.addMatcher.state.faqSaving
FNDA:1430,builder.addCase.addCase.addCase.addCase.addCase.addCase.addCase.addCase.addCase.addCase.addCase.addCase.addCase.addCase.addCase.addCase.addCase.addCase.addCase.addCase.addCase.addCase.addCase.addCase.addCase.addCase.addMatcher.addMatcher.addMatcher.addMatcher.state.faqActionId
FNDA:1430,builder.addCase.addCase.addCase.addCase.addCase.addCase.addCase.addCase.addCase.addCase.addCase.addCase.addCase.addCase.addCase.addCase.addCase.addCase.addCase.addCase.addCase.addCase.addCase.addCase.addCase.addCase.addMatcher.addMatcher.addMatcher.addMatcher.addMatcher.state.ticketSaving
FNDA:245,selectSupport
DA:1,1
DA:2,1
DA:17,1
DA:18,1
DA:19,1
DA:20,1
DA:21,1
DA:22,1
DA:23,1
DA:24,1
DA:25,22
DA:26,22
DA:27,20
DA:28,22
DA:29,2
DA:30,2
DA:31,22
DA:32,1
DA:33,1
DA:34,1
DA:35,1
DA:36,1
DA:37,12
DA:38,12
DA:39,10
DA:40,12
DA:41,1
DA:42,1
DA:43,12
DA:44,1
DA:45,1
DA:46,1
DA:47,1
DA:48,1
DA:49,12
DA:50,12
DA:51,12
DA:52,12
DA:53,0
DA:54,0
DA:55,12
DA:56,1
DA:57,1
DA:58,1
DA:59,1
DA:60,1
DA:61,3
DA:62,3
DA:63,2
DA:64,2
DA:65,2
DA:66,1
DA:67,1
DA:68,3
DA:69,1
DA:70,1
DA:71,1
DA:72,1
DA:73,1
DA:74,2
DA:75,2
DA:76,2
DA:77,2
DA:78,2
DA:79,0
DA:80,0
DA:81,2
DA:82,1
DA:83,1
DA:84,1
DA:85,1
DA:86,1
DA:87,2
DA:88,2
DA:89,2
DA:90,2
DA:91,2
DA:92,0
DA:93,0
DA:94,2
DA:95,1
DA:96,1
DA:97,1
DA:98,1
DA:99,1
DA:100,21
DA:101,21
DA:102,21
DA:103,21
DA:104,0
DA:105,0
DA:106,21
DA:107,1
DA:108,1
DA:109,1
DA:110,1
DA:111,1
DA:112,2
DA:113,2
DA:114,2
DA:115,2
DA:116,2
DA:117,0
DA:118,0
DA:119,2
DA:120,1
DA:121,1
DA:122,1
DA:123,1
DA:124,1
DA:125,2
DA:126,2
DA:127,2
DA:128,2
DA:129,2
DA:130,0
DA:131,0
DA:132,2
DA:133,1
DA:134,1
DA:135,1
DA:136,1
DA:137,1
DA:138,3
DA:139,3
DA:140,2
DA:141,2
DA:142,2
DA:143,1
DA:144,1
DA:145,3
DA:146,1
DA:147,1
DA:148,1
DA:149,1
DA:150,1
DA:151,13
DA:152,13
DA:153,13
DA:154,13
DA:155,0
DA:156,0
DA:157,13
DA:158,1
DA:159,1
DA:160,1
DA:161,1
DA:162,1
DA:163,2
DA:164,2
DA:165,2
DA:166,2
DA:167,2
DA:168,0
DA:169,0
DA:170,2
DA:171,1
DA:172,1
DA:173,1
DA:174,1
DA:175,1
DA:176,13
DA:177,13
DA:178,11
DA:179,13
DA:180,1
DA:181,1
DA:182,13
DA:183,1
DA:184,1
DA:185,1
DA:186,1
DA:187,1
DA:188,3
DA:189,3
DA:190,3
DA:191,2
DA:192,2
DA:193,1
DA:194,1
DA:195,3
DA:196,1
DA:197,1
DA:198,1
DA:199,1
DA:200,1
DA:201,1
DA:202,1
DA:203,1
DA:204,1
DA:205,1
DA:206,1
DA:207,1
DA:208,1
DA:209,1
DA:210,1
DA:211,1
DA:212,1
DA:213,1
DA:214,1
DA:215,1
DA:216,1
DA:217,1
DA:218,1
DA:219,1
DA:220,1
DA:221,1
DA:222,1
DA:223,1
DA:224,19
DA:225,19
DA:226,22
DA:227,22
DA:228,19
DA:229,19
DA:230,12
DA:231,12
DA:232,19
DA:233,19
DA:234,20
DA:235,20
DA:236,19
DA:237,19
DA:238,10
DA:239,10
DA:240,19
DA:241,19
DA:242,2
DA:243,2
DA:244,19
DA:245,19
DA:246,1
DA:247,1
DA:248,19
DA:249,19
DA:250,12
DA:251,12
DA:252,19
DA:253,19
DA:254,12
DA:255,12
DA:256,19
DA:257,19
DA:258,0
DA:259,0
DA:260,19
DA:261,19
DA:262,3
DA:263,3
DA:264,19
DA:265,19
DA:266,2
DA:267,2
DA:268,2
DA:269,19
DA:270,19
DA:271,2
DA:272,2
DA:273,19
DA:274,19
DA:275,21
DA:276,21
DA:277,19
DA:278,19
DA:279,21
DA:280,21
DA:281,19
DA:282,19
DA:283,0
DA:284,0
DA:285,19
DA:286,19
DA:287,2
DA:288,2
DA:289,19
DA:290,19
DA:291,2
DA:292,2
DA:293,2
DA:294,19
DA:295,19
DA:296,3
DA:297,3
DA:298,19
DA:299,19
DA:300,13
DA:301,13
DA:302,19
DA:303,19
DA:304,13
DA:305,13
DA:306,19
DA:307,19
DA:308,0
DA:309,0
DA:310,19
DA:311,19
DA:312,2
DA:313,2
DA:314,19
DA:315,19
DA:316,13
DA:317,13
DA:318,19
DA:319,19
DA:320,11
DA:321,11
DA:322,11
DA:323,19
DA:324,19
DA:325,1
DA:326,1
DA:327,19
DA:328,19
DA:329,3
DA:330,3
DA:331,3
DA:332,19
DA:333,19
DA:334,19
DA:335,1430
DA:336,1430
DA:337,1430
DA:338,1430
DA:339,19
DA:340,19
DA:341,5
DA:342,5
DA:343,5
DA:344,5
DA:345,19
DA:346,19
DA:347,19
DA:348,19
DA:349,2
DA:350,2
DA:351,2
DA:352,19
DA:353,19
DA:354,19
DA:355,1430
DA:356,1430
DA:357,1430
DA:358,1430
DA:359,19
DA:360,19
DA:361,4
DA:362,4
DA:363,4
DA:364,4
DA:365,19
DA:366,19
DA:367,19
DA:368,19
DA:369,3
DA:370,3
DA:371,3
DA:372,19
DA:373,19
DA:374,19
DA:375,1430
DA:376,1430
DA:377,1430
DA:378,1430
DA:379,19
DA:380,19
DA:381,5
DA:382,5
DA:383,5
DA:384,5
DA:385,19
DA:386,1
DA:387,1
DA:388,1
DA:389,1
DA:390,1
DA:391,1
LF:377
LH:355
BRDA:19,0,0,7
BRDA:20,1,0,6
BRDA:20,2,0,1
BRDA:24,3,0,22
BRDA:27,4,0,20
BRDA:28,5,0,2
BRDA:36,6,0,12
BRDA:39,7,0,10
BRDA:40,8,0,1
BRDA:48,9,0,12
BRDA:52,10,0,0
BRDA:60,11,0,3
BRDA:63,12,0,2
BRDA:65,13,0,1
BRDA:73,14,0,2
BRDA:78,15,0,0
BRDA:86,16,0,2
BRDA:91,17,0,0
BRDA:99,18,0,21
BRDA:103,19,0,0
BRDA:111,20,0,2
BRDA:116,21,0,0
BRDA:124,22,0,2
BRDA:129,23,0,0
BRDA:137,24,0,3
BRDA:140,25,0,2
BRDA:142,26,0,1
BRDA:150,27,0,13
BRDA:154,28,0,0
BRDA:162,29,0,2
BRDA:167,30,0,0
BRDA:175,31,0,13
BRDA:178,32,0,11
BRDA:179,33,0,1
BRDA:187,34,0,3
BRDA:190,35,0,2
BRDA:190,36,0,1
BRDA:191,37,0,2
BRDA:192,38,0,1
BRDA:221,39,0,25
BRDA:223,40,0,19
BRDA:225,41,0,22
BRDA:229,42,0,12
BRDA:233,43,0,20
BRDA:237,44,0,10
BRDA:241,45,0,2
BRDA:245,46,0,1
BRDA:249,47,0,12
BRDA:253,48,0,12
BRDA:261,49,0,3
BRDA:265,50,0,2
BRDA:270,51,0,2
BRDA:274,52,0,21
BRDA:278,53,0,21
BRDA:286,54,0,2
BRDA:290,55,0,2
BRDA:295,56,0,3
BRDA:299,57,0,13
BRDA:303,58,0,13
BRDA:311,59,0,2
BRDA:315,60,0,13
BRDA:319,61,0,11
BRDA:324,62,0,1
BRDA:328,63,0,3
BRDA:334,64,0,1430
BRDA:340,65,0,5
BRDA:343,66,0,1
BRDA:347,67,0,1430
BRDA:348,68,0,2
BRDA:350,69,0,0
BRDA:354,70,0,1430
BRDA:360,71,0,4
BRDA:363,72,0,0
BRDA:367,73,0,1430
BRDA:368,74,0,3
BRDA:370,75,0,1
BRDA:374,76,0,1430
BRDA:380,77,0,5
BRDA:383,78,0,1
BRDA:390,79,0,245
BRF:80
BRH:70
end_of_record
TN:
SF:src\test\utils.jsx
FN:29,makeStore
FN:35,renderWithProviders
FN:44,Wrapper
FNF:3
FNH:3
FNDA:264,makeStore
FNDA:264,renderWithProviders
FNDA:343,Wrapper
DA:1,1
DA:2,1
DA:3,1
DA:4,1
DA:5,1
DA:6,1
DA:7,1
DA:8,1
DA:9,1
DA:10,1
DA:11,1
DA:12,1
DA:13,1
DA:14,1
DA:16,1
DA:17,1
DA:18,1
DA:19,1
DA:20,1
DA:21,1
DA:22,1
DA:23,1
DA:24,1
DA:25,1
DA:26,1
DA:27,1
DA:29,1
DA:30,264
DA:31,264
DA:32,264
DA:33,264
DA:35,1
DA:36,264
DA:37,264
DA:38,264
DA:39,264
DA:40,264
DA:41,264
DA:42,264
DA:43,264
DA:44,264
DA:45,343
DA:46,343
DA:47,343
DA:50,264
DA:51,264
DA:52,264
DA:53,264
DA:54,264
LF:49
LH:49
BRDA:29,0,0,264
BRDA:35,1,0,264
BRDA:44,2,0,343
BRF:3
BRH:3
end_of_record
